{"logTime": "0106/121522", "correlationVector":"bLWNSJ8fhblUTshLkPfNjc.2","action":"ProcessGetUpdates", "result":"Done", "context":{"dataType":"Passwords", "deleted":"0", "process_failed_to_decrypt":"0", "process_pending_decryption":"0", "process_success":"45", "total":"45"}}
{"logTime": "0106/121522", "correlationVector":"bLWNSJ8fhblUTshLkPfNjc.3","action":"GetUpdates Response", "result":"Success", "context":Received 45 update(s). cV=bLWNSJ8fhblUTshLkPfNjc.0;server=akswtt11000000y;cloudType=Consumer;environment=Prod_francecentral_prod-s01-062-eur-francecentral;migrationStage=NotStarted}
{"logTime": "0106/121522", "correlationVector":"e483g8ERJxwQKsVKRaGGsj","action":"Normal GetUpdate request", "result":"", "context":cV=e483g8ERJxwQKsVKRaGGsj
Nudged types: History
Refresh requested types: Bookmarks, Passwords, Autofill Profiles, Autofill, History, Edge Wallet, Encryption Keys}
{"logTime": "0106/121522", "correlationVector":"e483g8ERJxwQKsVKRaGGsj.1","action":"SyncServerConnectionManagerRequest", "result":"SYNC_SERVER_OK", "context":{"environment":"Prod_francecentral_prod-s01-062-eur-francecentral", "migrationStage":"NotStarted", "server":"akswtt110000008"}}
{"logTime": "0106/121522", "correlationVector":"e483g8ERJxwQKsVKRaGGsj.2","action":"ProcessGetUpdates", "result":"Done", "context":{"dataType":"History", "deleted":"0", "process_failed_to_decrypt":"0", "process_pending_decryption":"0", "process_success":"6", "total":"6"}}
{"logTime": "0106/121522", "correlationVector":"e483g8ERJxwQKsVKRaGGsj.3","action":"GetUpdates Response", "result":"Success", "context":Received 6 update(s). cV=e483g8ERJxwQKsVKRaGGsj.0;server=akswtt110000008;cloudType=Consumer;environment=Prod_francecentral_prod-s01-062-eur-francecentral;migrationStage=NotStarted}
{"logTime": "0106/121522", "correlationVector":"xy8H/leFJI3p0Tx/d1mzA5","action":"Commit Request", "result":"", "context":Item count: 1
Contributing types: History}
{"logTime": "0106/121523", "correlationVector":"xy8H/leFJI3p0Tx/d1mzA5.1","action":"SyncServerConnectionManagerRequest", "result":"SYNC_SERVER_OK", "context":{"environment":"Prod_francecentral_prod-s01-062-eur-francecentral", "migrationStage":"NotStarted", "server":"akswtt11000000z"}}
{"logTime": "0106/121523", "correlationVector":"xy8H/leFJI3p0Tx/d1mzA5.2","action":"Commit Response", "result":"Success", "context":Result: Success. cV=xy8H/leFJI3p0Tx/d1mzA5.0;server=akswtt11000000z;cloudType=Consumer;environment=Prod_francecentral_prod-s01-062-eur-francecentral;migrationStage=NotStarted}
{"logTime": "0106/121529", "correlationVector":"RU1qTMzelfEzl99kNVYomV","action":"Commit Request", "result":"", "context":Item count: 40
Contributing types: Passwords}
{"logTime": "0106/121532", "correlationVector":"RU1qTMzelfEzl99kNVYomV.1","action":"SyncServerConnectionManagerRequest", "result":"SYNC_SERVER_OK", "context":{"environment":"Prod_francecentral_prod-s01-062-eur-francecentral", "migrationStage":"NotStarted", "server":"akswtt11000000m"}}
{"logTime": "0106/121532", "correlationVector":"RU1qTMzelfEzl99kNVYomV.2","action":"Commit Response", "result":"Success", "context":Result: Success. cV=RU1qTMzelfEzl99kNVYomV.0;server=akswtt11000000m;cloudType=Consumer;environment=Prod_francecentral_prod-s01-062-eur-francecentral;migrationStage=NotStarted}
{"logTime": "0106/121532", "correlationVector":"8e/TxNrTMUjcnGWZn0j+TC","action":"Commit Request", "result":"", "context":Item count: 2
Contributing types: History}
{"logTime": "0106/121532", "correlationVector":"8e/TxNrTMUjcnGWZn0j+TC.1","action":"SyncServerConnectionManagerRequest", "result":"SYNC_SERVER_OK", "context":{"environment":"Prod_francecentral_prod-s01-062-eur-francecentral", "migrationStage":"NotStarted", "server":"akswtt11000000z"}}
{"logTime": "0106/121532", "correlationVector":"8e/TxNrTMUjcnGWZn0j+TC.2","action":"Commit Response", "result":"Success", "context":Result: Success. cV=8e/TxNrTMUjcnGWZn0j+TC.0;server=akswtt11000000z;cloudType=Consumer;environment=Prod_francecentral_prod-s01-062-eur-francecentral;migrationStage=NotStarted}
{"logTime": "0106/121640", "correlationVector":"DLq8Q0LTas5k5u3mOkKecl","action":"Commit Request", "result":"", "context":Item count: 1
Contributing types: History}
{"logTime": "0106/121641", "correlationVector":"DLq8Q0LTas5k5u3mOkKecl.1","action":"SyncServerConnectionManagerRequest", "result":"SYNC_SERVER_OK", "context":{"environment":"Prod_francecentral_prod-s01-062-eur-francecentral", "migrationStage":"NotStarted", "server":"akswtt11000000v"}}
{"logTime": "0106/121641", "correlationVector":"DLq8Q0LTas5k5u3mOkKecl.2","action":"Commit Response", "result":"Success", "context":Result: Success. cV=DLq8Q0LTas5k5u3mOkKecl.0;server=akswtt11000000v;cloudType=Consumer;environment=Prod_francecentral_prod-s01-062-eur-francecentral;migrationStage=NotStarted}
{"logTime": "0106/132041", "correlationVector":"B691jHxg6Yqf7kBDIPwI7X.1","action":"SyncServerConnectionManagerRequest", "result":"SYNC_SERVER_OK", "context":{"environment":"Prod_francecentral_prod-s01-062-eur-francecentral", "migrationStage":"NotStarted", "server":"akswtt11000000w"}}
{"logTime": "0106/132041", "correlationVector":"B691jHxg6Yqf7kBDIPwI7X.2","action":"ProcessGetUpdates", "result":"Done", "context":{"dataType":"Encryption Keys", "deleted":"0", "process_failed_to_decrypt":"0", "process_pending_decryption":"0", "process_success":"1", "total":"1"}}
{"logTime": "0106/132041", "correlationVector":"6UT1O0iQQN6wefZs09ul0+","action":"SyncServerConnectionManagerRequest", "result":"SYNC_SERVER_OK", "context":{"environment":"", "migrationStage":"", "server":""}}
{"logTime": "0106/132041", "correlationVector":"6UT1O0iQQN6wefZs09ul0+.0","action":"EncryptionKeysFetcher.DownloadKeys:", "result":"Success", "context":Key count: 5, Last key timestamp: 2025-11-07T12:58:09Z}
{"logTime": "0106/132041", "correlationVector":"6UT1O0iQQN6wefZs09ul0+.1","action":"EncryptionKeysManager::SetEncryptionKeys:", "result":"Success", "context":Key names[5]:[IzCjwIn8rmehSw8LbqAdP5GZ4iN0VKGoF0EgBJUSTD8l1ONYxv36kVZrdOc9tIDGNy5OJMSkX9vIaHqFXaghSg==][ZrlWmTDAojUaa7BeWXfueZ+AIt+wTgOMJC9+apt6o5iE2zHfB0rIjinn+LKo+5yRjMcGC3Mdog/cjFtWK0IkeQ==][PKcEBf1eOmWY0XSVyyc2BvJS6UryXQhG6W/A7TCwna/c6OlVqLIYfXtVC9vKrgm4Yl1lkKF/fxukvQEpPoJAvw==][NRKLdV7PA+z2YHUC3jOkWvnMkdSDYhDs7y8eb8vbbFDTWhva2U/xE8vcceILYtM6XZQJ7X9j4QIUEsSr0RRSbA==][D6DdOTu3TTy7EGy0jOwyISVOaHut3OYbgikOlTVsVUlvxwcF/jjUF545hj8XT1rzOKAznHo8svjzt//bCSAcfA==]}
{"logTime": "0106/132041", "correlationVector":"6UT1O0iQQN6wefZs09ul0+.2","action":"EncryptionKeysManager::SetEncryptionKeysWithTimestamps:", "result":"Success", "context":Key timestamps[5]:[2023-10-30T09:05:46Z][2024-04-27T11:05:11Z][2024-11-11T06:01:33Z][2025-05-10T10:59:30Z][2025-11-07T12:58:09Z]}
{"logTime": "0106/132041", "correlationVector":"B691jHxg6Yqf7kBDIPwI7X","action":"Initial GetUpdates", "result":"", "context":Reason: NEW_CLIENT. cV=B691jHxg6Yqf7kBDIPwI7X}
{"logTime": "0106/132041", "correlationVector":"B691jHxg6Yqf7kBDIPwI7X.3","action":"GetUpdates Response", "result":"Success", "context":Received 1 update(s). cV=B691jHxg6Yqf7kBDIPwI7X.0;server=akswtt11000000w;cloudType=Consumer;environment=Prod_francecentral_prod-s01-062-eur-francecentral;migrationStage=NotStarted}
{"logTime": "0106/132041", "correlationVector":"O45LpIHuLCWebSUWKoJ5N9","action":"Initial GetUpdates", "result":"", "context":Reason: NEWLY_SUPPORTED_DATATYPE. cV=O45LpIHuLCWebSUWKoJ5N9}
{"logTime": "0106/132042", "correlationVector":"O45LpIHuLCWebSUWKoJ5N9.1","action":"SyncServerConnectionManagerRequest", "result":"SYNC_SERVER_OK", "context":{"environment":"Prod_francecentral_prod-s01-062-eur-francecentral", "migrationStage":"NotStarted", "server":"akswtt110000001"}}
{"logTime": "0106/132042", "correlationVector":"O45LpIHuLCWebSUWKoJ5N9.2","action":"ProcessGetUpdates", "result":"Done", "context":{"dataType":"Passwords", "deleted":"0", "process_failed_to_decrypt":"0", "process_pending_decryption":"0", "process_success":"45", "total":"45"}}
{"logTime": "0106/132042", "correlationVector":"O45LpIHuLCWebSUWKoJ5N9.3","action":"GetUpdates Response", "result":"Success", "context":Received 45 update(s). cV=O45LpIHuLCWebSUWKoJ5N9.0;server=akswtt110000001;cloudType=Consumer;environment=Prod_francecentral_prod-s01-062-eur-francecentral;migrationStage=NotStarted}
{"logTime": "0106/132042", "correlationVector":"npVlO2+FQEiy93KxQ7Mtdz","action":"Normal GetUpdate request", "result":"", "context":cV=npVlO2+FQEiy93KxQ7Mtdz
Nudged types: History
Refresh requested types: Bookmarks, Passwords, Autofill Profiles, Autofill, History, Edge Wallet, Encryption Keys}
{"logTime": "0106/132042", "correlationVector":"npVlO2+FQEiy93KxQ7Mtdz.1","action":"SyncServerConnectionManagerRequest", "result":"SYNC_SERVER_OK", "context":{"environment":"Prod_francecentral_prod-s01-062-eur-francecentral", "migrationStage":"NotStarted", "server":"akswtt11000000f"}}
{"logTime": "0106/132042", "correlationVector":"npVlO2+FQEiy93KxQ7Mtdz.2","action":"ProcessGetUpdates", "result":"Done", "context":{"dataType":"History", "deleted":"0", "process_failed_to_decrypt":"0", "process_pending_decryption":"0", "process_success":"20", "total":"20"}}
{"logTime": "0106/132042", "correlationVector":"npVlO2+FQEiy93KxQ7Mtdz.3","action":"GetUpdates Response", "result":"Success", "context":Received 20 update(s). cV=npVlO2+FQEiy93KxQ7Mtdz.0;server=akswtt11000000f;cloudType=Consumer;environment=Prod_francecentral_prod-s01-062-eur-francecentral;migrationStage=NotStarted}
{"logTime": "0106/132042", "correlationVector":"cGxfBQe0o7NBkiNRLaUbWr","action":"Commit Request", "result":"", "context":Item count: 1
Contributing types: History}
{"logTime": "0106/132043", "correlationVector":"cGxfBQe0o7NBkiNRLaUbWr.1","action":"SyncServerConnectionManagerRequest", "result":"SYNC_SERVER_OK", "context":{"environment":"Prod_germanywestcentral_prod-s01-010-eur-germanywestcentral", "migrationStage":"NotStarted", "server":"akswtt108000004"}}
{"logTime": "0106/132043", "correlationVector":"cGxfBQe0o7NBkiNRLaUbWr.2","action":"Commit Response", "result":"Success", "context":Result: Success. cV=cGxfBQe0o7NBkiNRLaUbWr.0;server=akswtt108000004;cloudType=Consumer;environment=Prod_germanywestcentral_prod-s01-010-eur-germanywestcentral;migrationStage=NotStarted}
{"logTime": "0106/132049", "correlationVector":"RlgUjqCGwUq/Q/B04PXM1I","action":"Commit Request", "result":"", "context":Item count: 40
Contributing types: Passwords}
{"logTime": "0106/132051", "correlationVector":"RlgUjqCGwUq/Q/B04PXM1I.1","action":"SyncServerConnectionManagerRequest", "result":"SYNC_SERVER_OK", "context":{"environment":"Prod_francecentral_prod-s01-062-eur-francecentral", "migrationStage":"NotStarted", "server":"akswtt11000000e"}}
{"logTime": "0106/132051", "correlationVector":"RlgUjqCGwUq/Q/B04PXM1I.2","action":"Commit Response", "result":"Success", "context":Result: Success. cV=RlgUjqCGwUq/Q/B04PXM1I.0;server=akswtt11000000e;cloudType=Consumer;environment=Prod_francecentral_prod-s01-062-eur-francecentral;migrationStage=NotStarted}
{"logTime": "0106/132051", "correlationVector":"a/BYUtW6qbEATIgAB0+VlN","action":"Commit Request", "result":"", "context":Item count: 2
Contributing types: History}
{"logTime": "0106/132052", "correlationVector":"a/BYUtW6qbEATIgAB0+VlN.1","action":"SyncServerConnectionManagerRequest", "result":"SYNC_SERVER_OK", "context":{"environment":"Prod_francecentral_prod-s01-062-eur-francecentral", "migrationStage":"NotStarted", "server":"akswtt11000000f"}}
{"logTime": "0106/132052", "correlationVector":"a/BYUtW6qbEATIgAB0+VlN.2","action":"Commit Response", "result":"Success", "context":Result: Success. cV=a/BYUtW6qbEATIgAB0+VlN.0;server=akswtt11000000f;cloudType=Consumer;environment=Prod_francecentral_prod-s01-062-eur-francecentral;migrationStage=NotStarted}
{"logTime": "0106/132203", "correlationVector":"kWMPblohYei6CGBqqgIGDD","action":"Commit Request", "result":"", "context":Item count: 13
Contributing types: History}
{"logTime": "0106/132204", "correlationVector":"kWMPblohYei6CGBqqgIGDD.1","action":"SyncServerConnectionManagerRequest", "result":"SYNC_SERVER_OK", "context":{"environment":"Prod_westeurope_prod-s01-079-eur-westeurope", "migrationStage":"NotStarted", "server":"akswtt11100000g"}}
{"logTime": "0106/132204", "correlationVector":"kWMPblohYei6CGBqqgIGDD.2","action":"Commit Response", "result":"Success", "context":Result: Success. cV=kWMPblohYei6CGBqqgIGDD.0;server=akswtt11100000g;cloudType=Consumer;environment=Prod_westeurope_prod-s01-079-eur-westeurope;migrationStage=NotStarted}
{"logTime": "0106/132442", "correlationVector":"LyuYDLSEOO71dkTCFSOwXg","action":"Commit Request", "result":"", "context":Item count: 3
Contributing types: History}
{"logTime": "0106/132444", "correlationVector":"LyuYDLSEOO71dkTCFSOwXg.1","action":"SyncServerConnectionManagerRequest", "result":"SYNC_SERVER_OK", "context":{"environment":"Prod_francecentral_prod-s01-062-eur-francecentral", "migrationStage":"NotStarted", "server":"akswtt11000000a"}}
{"logTime": "0106/132444", "correlationVector":"LyuYDLSEOO71dkTCFSOwXg.2","action":"Commit Response", "result":"Success", "context":Result: Success. cV=LyuYDLSEOO71dkTCFSOwXg.0;server=akswtt11000000a;cloudType=Consumer;environment=Prod_francecentral_prod-s01-062-eur-francecentral;migrationStage=NotStarted}
{"logTime": "0106/140044", "correlationVector":"PhTqkukvwJ62GZ/9bfxBva.1","action":"SyncServerConnectionManagerRequest", "result":"SYNC_SERVER_OK", "context":{"environment":"Prod_francecentral_prod-s01-062-eur-francecentral", "migrationStage":"NotStarted", "server":"akswtt11000000f"}}
{"logTime": "0106/140044", "correlationVector":"PhTqkukvwJ62GZ/9bfxBva.2","action":"ProcessGetUpdates", "result":"Done", "context":{"dataType":"Encryption Keys", "deleted":"0", "process_failed_to_decrypt":"0", "process_pending_decryption":"0", "process_success":"1", "total":"1"}}
{"logTime": "0106/140045", "correlationVector":"iERpMUMtipGzsUeoai8GXt","action":"SyncServerConnectionManagerRequest", "result":"SYNC_SERVER_OK", "context":{"environment":"", "migrationStage":"", "server":""}}
{"logTime": "0106/140045", "correlationVector":"iERpMUMtipGzsUeoai8GXt.0","action":"EncryptionKeysFetcher.DownloadKeys:", "result":"Success", "context":Key count: 5, Last key timestamp: 2025-11-07T12:58:09Z}
{"logTime": "0106/140045", "correlationVector":"iERpMUMtipGzsUeoai8GXt.1","action":"EncryptionKeysManager::SetEncryptionKeys:", "result":"Success", "context":Key names[5]:[IzCjwIn8rmehSw8LbqAdP5GZ4iN0VKGoF0EgBJUSTD8l1ONYxv36kVZrdOc9tIDGNy5OJMSkX9vIaHqFXaghSg==][ZrlWmTDAojUaa7BeWXfueZ+AIt+wTgOMJC9+apt6o5iE2zHfB0rIjinn+LKo+5yRjMcGC3Mdog/cjFtWK0IkeQ==][PKcEBf1eOmWY0XSVyyc2BvJS6UryXQhG6W/A7TCwna/c6OlVqLIYfXtVC9vKrgm4Yl1lkKF/fxukvQEpPoJAvw==][NRKLdV7PA+z2YHUC3jOkWvnMkdSDYhDs7y8eb8vbbFDTWhva2U/xE8vcceILYtM6XZQJ7X9j4QIUEsSr0RRSbA==][D6DdOTu3TTy7EGy0jOwyISVOaHut3OYbgikOlTVsVUlvxwcF/jjUF545hj8XT1rzOKAznHo8svjzt//bCSAcfA==]}
{"logTime": "0106/140045", "correlationVector":"iERpMUMtipGzsUeoai8GXt.2","action":"EncryptionKeysManager::SetEncryptionKeysWithTimestamps:", "result":"Success", "context":Key timestamps[5]:[2023-10-30T09:05:46Z][2024-04-27T11:05:11Z][2024-11-11T06:01:33Z][2025-05-10T10:59:30Z][2025-11-07T12:58:09Z]}
{"logTime": "0106/140045", "correlationVector":"PhTqkukvwJ62GZ/9bfxBva","action":"Initial GetUpdates", "result":"", "context":Reason: NEW_CLIENT. cV=PhTqkukvwJ62GZ/9bfxBva}
{"logTime": "0106/140045", "correlationVector":"PhTqkukvwJ62GZ/9bfxBva.3","action":"GetUpdates Response", "result":"Success", "context":Received 1 update(s). cV=PhTqkukvwJ62GZ/9bfxBva.0;server=akswtt11000000f;cloudType=Consumer;environment=Prod_francecentral_prod-s01-062-eur-francecentral;migrationStage=NotStarted}
{"logTime": "0106/140045", "correlationVector":"xZnwLhnc3g9GGCMl5+c9Ky","action":"Initial GetUpdates", "result":"", "context":Reason: NEWLY_SUPPORTED_DATATYPE. cV=xZnwLhnc3g9GGCMl5+c9Ky}
{"logTime": "0106/140046", "correlationVector":"xZnwLhnc3g9GGCMl5+c9Ky.1","action":"SyncServerConnectionManagerRequest", "result":"SYNC_SERVER_OK", "context":{"environment":"Prod_francecentral_prod-s01-062-eur-francecentral", "migrationStage":"NotStarted", "server":"akswtt11000000l"}}
{"logTime": "0106/140046", "correlationVector":"xZnwLhnc3g9GGCMl5+c9Ky.2","action":"ProcessGetUpdates", "result":"Done", "context":{"dataType":"Passwords", "deleted":"0", "process_failed_to_decrypt":"0", "process_pending_decryption":"0", "process_success":"45", "total":"45"}}
{"logTime": "0106/140046", "correlationVector":"xZnwLhnc3g9GGCMl5+c9Ky.3","action":"GetUpdates Response", "result":"Success", "context":Received 45 update(s). cV=xZnwLhnc3g9GGCMl5+c9Ky.0;server=akswtt11000000l;cloudType=Consumer;environment=Prod_francecentral_prod-s01-062-eur-francecentral;migrationStage=NotStarted}
{"logTime": "0106/140046", "correlationVector":"nzxybS2bSKzhZ/0USupwTf","action":"Normal GetUpdate request", "result":"", "context":cV=nzxybS2bSKzhZ/0USupwTf
Nudged types: History
Refresh requested types: Bookmarks, Passwords, Autofill Profiles, Autofill, History, Edge Wallet, Encryption Keys}
{"logTime": "0106/140047", "correlationVector":"nzxybS2bSKzhZ/0USupwTf.1","action":"SyncServerConnectionManagerRequest", "result":"SYNC_SERVER_OK", "context":{"environment":"Prod_francecentral_prod-s01-062-eur-francecentral", "migrationStage":"NotStarted", "server":"akswtt11000000x"}}
{"logTime": "0106/140047", "correlationVector":"nzxybS2bSKzhZ/0USupwTf.2","action":"ProcessGetUpdates", "result":"Done", "context":{"dataType":"History", "deleted":"0", "process_failed_to_decrypt":"0", "process_pending_decryption":"0", "process_success":"61", "total":"61"}}
{"logTime": "0106/140047", "correlationVector":"nzxybS2bSKzhZ/0USupwTf.3","action":"GetUpdates Response", "result":"Success", "context":Received 61 update(s). cV=nzxybS2bSKzhZ/0USupwTf.0;server=akswtt11000000x;cloudType=Consumer;environment=Prod_francecentral_prod-s01-062-eur-francecentral;migrationStage=NotStarted}
{"logTime": "0106/140047", "correlationVector":"qCcLsY34FuWn/kwtGFPgnL","action":"Commit Request", "result":"", "context":Item count: 1
Contributing types: History}
{"logTime": "0106/140047", "correlationVector":"qCcLsY34FuWn/kwtGFPgnL.1","action":"SyncServerConnectionManagerRequest", "result":"SYNC_SERVER_OK", "context":{"environment":"Prod_francecentral_prod-s01-062-eur-francecentral", "migrationStage":"NotStarted", "server":"akswtt110000004"}}
{"logTime": "0106/140047", "correlationVector":"qCcLsY34FuWn/kwtGFPgnL.2","action":"Commit Response", "result":"Success", "context":Result: Success. cV=qCcLsY34FuWn/kwtGFPgnL.0;server=akswtt110000004;cloudType=Consumer;environment=Prod_francecentral_prod-s01-062-eur-francecentral;migrationStage=NotStarted}
{"logTime": "0106/140054", "correlationVector":"h6dxb8KrAbfkSiijhTV84C","action":"Commit Request", "result":"", "context":Item count: 40
Contributing types: Passwords}
{"logTime": "0106/140057", "correlationVector":"h6dxb8KrAbfkSiijhTV84C.1","action":"SyncServerConnectionManagerRequest", "result":"SYNC_SERVER_OK", "context":{"environment":"Prod_francecentral_prod-s01-062-eur-francecentral", "migrationStage":"NotStarted", "server":"akswtt110000011"}}
{"logTime": "0106/140057", "correlationVector":"h6dxb8KrAbfkSiijhTV84C.2","action":"Commit Response", "result":"Success", "context":Result: Success. cV=h6dxb8KrAbfkSiijhTV84C.0;server=akswtt110000011;cloudType=Consumer;environment=Prod_francecentral_prod-s01-062-eur-francecentral;migrationStage=NotStarted}
{"logTime": "0106/140057", "correlationVector":"yDjh/Hka0WpMPyCthbQvHV","action":"Commit Request", "result":"", "context":Item count: 2
Contributing types: History}
{"logTime": "0106/140058", "correlationVector":"yDjh/Hka0WpMPyCthbQvHV.1","action":"SyncServerConnectionManagerRequest", "result":"SYNC_SERVER_OK", "context":{"environment":"Prod_francecentral_prod-s01-062-eur-francecentral", "migrationStage":"NotStarted", "server":"akswtt110000005"}}
{"logTime": "0106/140058", "correlationVector":"yDjh/Hka0WpMPyCthbQvHV.2","action":"Commit Response", "result":"Success", "context":Result: Success. cV=yDjh/Hka0WpMPyCthbQvHV.0;server=akswtt110000005;cloudType=Consumer;environment=Prod_francecentral_prod-s01-062-eur-francecentral;migrationStage=NotStarted}
{"logTime": "0106/140248", "correlationVector":"U7l24ocQXmzjkfv8p7+PLT","action":"Commit Request", "result":"", "context":Item count: 1
Contributing types: History}
{"logTime": "0106/140248", "correlationVector":"U7l24ocQXmzjkfv8p7+PLT.1","action":"SyncServerConnectionManagerRequest", "result":"SYNC_SERVER_OK", "context":{"environment":"Prod_francecentral_prod-s01-062-eur-francecentral", "migrationStage":"NotStarted", "server":"akswtt110000013"}}
{"logTime": "0106/140248", "correlationVector":"U7l24ocQXmzjkfv8p7+PLT.2","action":"Commit Response", "result":"Success", "context":Result: Success. cV=U7l24ocQXmzjkfv8p7+PLT.0;server=akswtt110000013;cloudType=Consumer;environment=Prod_francecentral_prod-s01-062-eur-francecentral;migrationStage=NotStarted}
{"logTime": "0106/140951", "correlationVector":"Rkc/PSUiCX2ltU5REv7EbB","action":"Commit Request", "result":"", "context":Item count: 4
Contributing types: History}
{"logTime": "0106/140953", "correlationVector":"Rkc/PSUiCX2ltU5REv7EbB.1","action":"SyncServerConnectionManagerRequest", "result":"SYNC_SERVER_OK", "context":{"environment":"Prod_francecentral_prod-s01-062-eur-francecentral", "migrationStage":"NotStarted", "server":"akswtt110000002"}}
{"logTime": "0106/140953", "correlationVector":"Rkc/PSUiCX2ltU5REv7EbB.2","action":"Commit Response", "result":"Success", "context":Result: Success. cV=Rkc/PSUiCX2ltU5REv7EbB.0;server=akswtt110000002;cloudType=Consumer;environment=Prod_francecentral_prod-s01-062-eur-francecentral;migrationStage=NotStarted}
{"logTime": "0106/141059", "correlationVector":"wLC5R3IOxCFyZpjDg7Fn/v","action":"Commit Request", "result":"", "context":Item count: 2
Contributing types: History}
{"logTime": "0106/141059", "correlationVector":"wLC5R3IOxCFyZpjDg7Fn/v.1","action":"SyncServerConnectionManagerRequest", "result":"SYNC_SERVER_OK", "context":{"environment":"Prod_francecentral_prod-s01-062-eur-francecentral", "migrationStage":"NotStarted", "server":"akswtt110000010"}}
{"logTime": "0106/141059", "correlationVector":"wLC5R3IOxCFyZpjDg7Fn/v.2","action":"Commit Response", "result":"Success", "context":Result: Success. cV=wLC5R3IOxCFyZpjDg7Fn/v.0;server=akswtt110000010;cloudType=Consumer;environment=Prod_francecentral_prod-s01-062-eur-francecentral;migrationStage=NotStarted}
{"logTime": "0106/141150", "correlationVector":"07jb/f/9PD7xv4IGieStW2.1","action":"SyncServerConnectionManagerRequest", "result":"SYNC_SERVER_OK", "context":{"environment":"Prod_francecentral_prod-s01-062-eur-francecentral", "migrationStage":"NotStarted", "server":"akswtt11000000y"}}
{"logTime": "0106/141150", "correlationVector":"07jb/f/9PD7xv4IGieStW2.2","action":"ProcessGetUpdates", "result":"Done", "context":{"dataType":"Encryption Keys", "deleted":"0", "process_failed_to_decrypt":"0", "process_pending_decryption":"0", "process_success":"1", "total":"1"}}
{"logTime": "0106/141151", "correlationVector":"cW56cLHLMV15ETnPPYlhlR","action":"SyncServerConnectionManagerRequest", "result":"SYNC_SERVER_OK", "context":{"environment":"", "migrationStage":"", "server":""}}
{"logTime": "0106/141151", "correlationVector":"cW56cLHLMV15ETnPPYlhlR.0","action":"EncryptionKeysFetcher.DownloadKeys:", "result":"Success", "context":Key count: 5, Last key timestamp: 2025-11-07T12:58:09Z}
{"logTime": "0106/141151", "correlationVector":"cW56cLHLMV15ETnPPYlhlR.1","action":"EncryptionKeysManager::SetEncryptionKeys:", "result":"Success", "context":Key names[5]:[IzCjwIn8rmehSw8LbqAdP5GZ4iN0VKGoF0EgBJUSTD8l1ONYxv36kVZrdOc9tIDGNy5OJMSkX9vIaHqFXaghSg==][ZrlWmTDAojUaa7BeWXfueZ+AIt+wTgOMJC9+apt6o5iE2zHfB0rIjinn+LKo+5yRjMcGC3Mdog/cjFtWK0IkeQ==][PKcEBf1eOmWY0XSVyyc2BvJS6UryXQhG6W/A7TCwna/c6OlVqLIYfXtVC9vKrgm4Yl1lkKF/fxukvQEpPoJAvw==][NRKLdV7PA+z2YHUC3jOkWvnMkdSDYhDs7y8eb8vbbFDTWhva2U/xE8vcceILYtM6XZQJ7X9j4QIUEsSr0RRSbA==][D6DdOTu3TTy7EGy0jOwyISVOaHut3OYbgikOlTVsVUlvxwcF/jjUF545hj8XT1rzOKAznHo8svjzt//bCSAcfA==]}
{"logTime": "0106/141151", "correlationVector":"cW56cLHLMV15ETnPPYlhlR.2","action":"EncryptionKeysManager::SetEncryptionKeysWithTimestamps:", "result":"Success", "context":Key timestamps[5]:[2023-10-30T09:05:46Z][2024-04-27T11:05:11Z][2024-11-11T06:01:33Z][2025-05-10T10:59:30Z][2025-11-07T12:58:09Z]}
{"logTime": "0106/141151", "correlationVector":"07jb/f/9PD7xv4IGieStW2","action":"Initial GetUpdates", "result":"", "context":Reason: NEW_CLIENT. cV=07jb/f/9PD7xv4IGieStW2}
{"logTime": "0106/141151", "correlationVector":"07jb/f/9PD7xv4IGieStW2.3","action":"GetUpdates Response", "result":"Success", "context":Received 1 update(s). cV=07jb/f/9PD7xv4IGieStW2.0;server=akswtt11000000y;cloudType=Consumer;environment=Prod_francecentral_prod-s01-062-eur-francecentral;migrationStage=NotStarted}
{"logTime": "0106/141151", "correlationVector":"o/FTNaDmQEbJWMtA+eXWN8","action":"Initial GetUpdates", "result":"", "context":Reason: NEWLY_SUPPORTED_DATATYPE. cV=o/FTNaDmQEbJWMtA+eXWN8}
{"logTime": "0106/141151", "correlationVector":"o/FTNaDmQEbJWMtA+eXWN8.1","action":"SyncServerConnectionManagerRequest", "result":"SYNC_SERVER_OK", "context":{"environment":"Prod_francecentral_prod-s01-062-eur-francecentral", "migrationStage":"NotStarted", "server":"akswtt11000000a"}}
{"logTime": "0106/141151", "correlationVector":"o/FTNaDmQEbJWMtA+eXWN8.2","action":"ProcessGetUpdates", "result":"Done", "context":{"dataType":"Passwords", "deleted":"0", "process_failed_to_decrypt":"0", "process_pending_decryption":"0", "process_success":"45", "total":"45"}}
{"logTime": "0106/141151", "correlationVector":"o/FTNaDmQEbJWMtA+eXWN8.3","action":"GetUpdates Response", "result":"Success", "context":Received 45 update(s). cV=o/FTNaDmQEbJWMtA+eXWN8.0;server=akswtt11000000a;cloudType=Consumer;environment=Prod_francecentral_prod-s01-062-eur-francecentral;migrationStage=NotStarted}
{"logTime": "0106/141151", "correlationVector":"s/nK4/OsZIvuKwmubCjsmA","action":"Normal GetUpdate request", "result":"", "context":cV=s/nK4/OsZIvuKwmubCjsmA
Nudged types: History
Refresh requested types: Bookmarks, Passwords, Autofill Profiles, Autofill, History, Edge Wallet, Encryption Keys}
{"logTime": "0106/141152", "correlationVector":"s/nK4/OsZIvuKwmubCjsmA.1","action":"SyncServerConnectionManagerRequest", "result":"SYNC_SERVER_OK", "context":{"environment":"Prod_francecentral_prod-s01-062-eur-francecentral", "migrationStage":"NotStarted", "server":"akswtt11000000j"}}
{"logTime": "0106/141152", "correlationVector":"s/nK4/OsZIvuKwmubCjsmA.2","action":"ProcessGetUpdates", "result":"Done", "context":{"dataType":"History", "deleted":"0", "process_failed_to_decrypt":"0", "process_pending_decryption":"0", "process_success":"22", "total":"22"}}
{"logTime": "0106/141152", "correlationVector":"s/nK4/OsZIvuKwmubCjsmA.3","action":"GetUpdates Response", "result":"Success", "context":Received 22 update(s). cV=s/nK4/OsZIvuKwmubCjsmA.0;server=akswtt11000000j;cloudType=Consumer;environment=Prod_francecentral_prod-s01-062-eur-francecentral;migrationStage=NotStarted}
{"logTime": "0106/141152", "correlationVector":"axj1Tbi3LcPKqhYAobrq2k","action":"Commit Request", "result":"", "context":Item count: 1
Contributing types: History}
{"logTime": "0106/141153", "correlationVector":"axj1Tbi3LcPKqhYAobrq2k.1","action":"SyncServerConnectionManagerRequest", "result":"SYNC_SERVER_OK", "context":{"environment":"Prod_francecentral_prod-s01-062-eur-francecentral", "migrationStage":"NotStarted", "server":"akswtt11000000i"}}
{"logTime": "0106/141153", "correlationVector":"axj1Tbi3LcPKqhYAobrq2k.2","action":"Commit Response", "result":"Success", "context":Result: Success. cV=axj1Tbi3LcPKqhYAobrq2k.0;server=akswtt11000000i;cloudType=Consumer;environment=Prod_francecentral_prod-s01-062-eur-francecentral;migrationStage=NotStarted}
{"logTime": "0106/141200", "correlationVector":"kU3D4gJZlqF8R2U4yivRip","action":"Commit Request", "result":"", "context":Item count: 40
Contributing types: Passwords}
{"logTime": "0106/141203", "correlationVector":"kU3D4gJZlqF8R2U4yivRip.1","action":"SyncServerConnectionManagerRequest", "result":"SYNC_SERVER_OK", "context":{"environment":"Prod_francecentral_prod-s01-062-eur-francecentral", "migrationStage":"NotStarted", "server":"akswtt11000000y"}}
{"logTime": "0106/141203", "correlationVector":"kU3D4gJZlqF8R2U4yivRip.2","action":"Commit Response", "result":"Success", "context":Result: Success. cV=kU3D4gJZlqF8R2U4yivRip.0;server=akswtt11000000y;cloudType=Consumer;environment=Prod_francecentral_prod-s01-062-eur-francecentral;migrationStage=NotStarted}
{"logTime": "0106/141203", "correlationVector":"i9TipRCn+CTGI2Ne4xcjV/","action":"Commit Request", "result":"", "context":Item count: 2
Contributing types: History}
{"logTime": "0106/141203", "correlationVector":"i9TipRCn+CTGI2Ne4xcjV/.1","action":"SyncServerConnectionManagerRequest", "result":"SYNC_SERVER_OK", "context":{"environment":"Prod_francecentral_prod-s01-062-eur-francecentral", "migrationStage":"NotStarted", "server":"akswtt11000000l"}}
{"logTime": "0106/141203", "correlationVector":"i9TipRCn+CTGI2Ne4xcjV/.2","action":"Commit Response", "result":"Success", "context":Result: Success. cV=i9TipRCn+CTGI2Ne4xcjV/.0;server=akswtt11000000l;cloudType=Consumer;environment=Prod_francecentral_prod-s01-062-eur-francecentral;migrationStage=NotStarted}
{"logTime": "0106/141326", "correlationVector":"fbNQR0QZd7KljDVhKsQsiB","action":"Commit Request", "result":"", "context":Item count: 2
Contributing types: History}
{"logTime": "0106/141328", "correlationVector":"fbNQR0QZd7KljDVhKsQsiB.1","action":"SyncServerConnectionManagerRequest", "result":"SYNC_SERVER_OK", "context":{"environment":"Prod_francecentral_prod-s01-062-eur-francecentral", "migrationStage":"NotStarted", "server":"akswtt11000000i"}}
{"logTime": "0106/141328", "correlationVector":"fbNQR0QZd7KljDVhKsQsiB.2","action":"Commit Response", "result":"Success", "context":Result: Success. cV=fbNQR0QZd7KljDVhKsQsiB.0;server=akswtt11000000i;cloudType=Consumer;environment=Prod_francecentral_prod-s01-062-eur-francecentral;migrationStage=NotStarted}
{"logTime": "0106/141823", "correlationVector":"MTpQGxFs+tGJK42IuEv7Zz","action":"Commit Request", "result":"", "context":Item count: 7
Contributing types: History}
{"logTime": "0106/141825", "correlationVector":"MTpQGxFs+tGJK42IuEv7Zz.1","action":"SyncServerConnectionManagerRequest", "result":"SYNC_SERVER_OK", "context":{"environment":"Prod_francecentral_prod-s01-062-eur-francecentral", "migrationStage":"NotStarted", "server":"akswtt110000014"}}
{"logTime": "0106/141825", "correlationVector":"MTpQGxFs+tGJK42IuEv7Zz.2","action":"Commit Response", "result":"Success", "context":Result: Success. cV=MTpQGxFs+tGJK42IuEv7Zz.0;server=akswtt110000014;cloudType=Consumer;environment=Prod_francecentral_prod-s01-062-eur-francecentral;migrationStage=NotStarted}
{"logTime": "0106/141940", "correlationVector":"3T4kaHCP38J4NuAlpfDMxk","action":"Commit Request", "result":"", "context":Item count: 6
Contributing types: History}
{"logTime": "0106/141941", "correlationVector":"3T4kaHCP38J4NuAlpfDMxk.1","action":"SyncServerConnectionManagerRequest", "result":"SYNC_SERVER_OK", "context":{"environment":"Prod_germanywestcentral_prod-s01-010-eur-germanywestcentral", "migrationStage":"NotStarted", "server":"akswtt10800000b"}}
{"logTime": "0106/141941", "correlationVector":"3T4kaHCP38J4NuAlpfDMxk.2","action":"Commit Response", "result":"Success", "context":Result: Success. cV=3T4kaHCP38J4NuAlpfDMxk.0;server=akswtt10800000b;cloudType=Consumer;environment=Prod_germanywestcentral_prod-s01-010-eur-germanywestcentral;migrationStage=NotStarted}
{"logTime": "0106/150754", "correlationVector":"7LAkX4PWMBb3tF8N73ioV4.1","action":"SyncServerConnectionManagerRequest", "result":"SYNC_SERVER_OK", "context":{"environment":"Prod_francecentral_prod-s01-062-eur-francecentral", "migrationStage":"NotStarted", "server":"akswtt11000000h"}}
{"logTime": "0106/150754", "correlationVector":"7LAkX4PWMBb3tF8N73ioV4.2","action":"ProcessGetUpdates", "result":"Done", "context":{"dataType":"Encryption Keys", "deleted":"0", "process_failed_to_decrypt":"0", "process_pending_decryption":"0", "process_success":"1", "total":"1"}}
{"logTime": "0106/150755", "correlationVector":"pi9h8rln/pASYeeMruyrrT","action":"SyncServerConnectionManagerRequest", "result":"SYNC_SERVER_OK", "context":{"environment":"", "migrationStage":"", "server":""}}
{"logTime": "0106/150755", "correlationVector":"pi9h8rln/pASYeeMruyrrT.0","action":"EncryptionKeysFetcher.DownloadKeys:", "result":"Success", "context":Key count: 5, Last key timestamp: 2025-11-07T12:58:09Z}
{"logTime": "0106/150755", "correlationVector":"pi9h8rln/pASYeeMruyrrT.1","action":"EncryptionKeysManager::SetEncryptionKeys:", "result":"Success", "context":Key names[5]:[IzCjwIn8rmehSw8LbqAdP5GZ4iN0VKGoF0EgBJUSTD8l1ONYxv36kVZrdOc9tIDGNy5OJMSkX9vIaHqFXaghSg==][ZrlWmTDAojUaa7BeWXfueZ+AIt+wTgOMJC9+apt6o5iE2zHfB0rIjinn+LKo+5yRjMcGC3Mdog/cjFtWK0IkeQ==][PKcEBf1eOmWY0XSVyyc2BvJS6UryXQhG6W/A7TCwna/c6OlVqLIYfXtVC9vKrgm4Yl1lkKF/fxukvQEpPoJAvw==][NRKLdV7PA+z2YHUC3jOkWvnMkdSDYhDs7y8eb8vbbFDTWhva2U/xE8vcceILYtM6XZQJ7X9j4QIUEsSr0RRSbA==][D6DdOTu3TTy7EGy0jOwyISVOaHut3OYbgikOlTVsVUlvxwcF/jjUF545hj8XT1rzOKAznHo8svjzt//bCSAcfA==]}
{"logTime": "0106/150755", "correlationVector":"pi9h8rln/pASYeeMruyrrT.2","action":"EncryptionKeysManager::SetEncryptionKeysWithTimestamps:", "result":"Success", "context":Key timestamps[5]:[2023-10-30T09:05:46Z][2024-04-27T11:05:11Z][2024-11-11T06:01:33Z][2025-05-10T10:59:30Z][2025-11-07T12:58:09Z]}
{"logTime": "0106/150755", "correlationVector":"7LAkX4PWMBb3tF8N73ioV4","action":"Initial GetUpdates", "result":"", "context":Reason: NEW_CLIENT. cV=7LAkX4PWMBb3tF8N73ioV4}
{"logTime": "0106/150755", "correlationVector":"7LAkX4PWMBb3tF8N73ioV4.3","action":"GetUpdates Response", "result":"Success", "context":Received 1 update(s). cV=7LAkX4PWMBb3tF8N73ioV4.0;server=akswtt11000000h;cloudType=Consumer;environment=Prod_francecentral_prod-s01-062-eur-francecentral;migrationStage=NotStarted}
{"logTime": "0106/150755", "correlationVector":"DMgk+tBTmh/bHugupIBgG0","action":"Initial GetUpdates", "result":"", "context":Reason: NEWLY_SUPPORTED_DATATYPE. cV=DMgk+tBTmh/bHugupIBgG0}
{"logTime": "0106/150758", "correlationVector":"DMgk+tBTmh/bHugupIBgG0.1","action":"SyncServerConnectionManagerRequest", "result":"SYNC_SERVER_OK", "context":{"environment":"Prod_germanywestcentral_prod-s01-010-eur-germanywestcentral", "migrationStage":"NotStarted", "server":"akswtt10800000u"}}
{"logTime": "0106/150758", "correlationVector":"DMgk+tBTmh/bHugupIBgG0.2","action":"ProcessGetUpdates", "result":"Done", "context":{"dataType":"Passwords", "deleted":"0", "process_failed_to_decrypt":"0", "process_pending_decryption":"0", "process_success":"45", "total":"45"}}
{"logTime": "0106/150758", "correlationVector":"DMgk+tBTmh/bHugupIBgG0.3","action":"GetUpdates Response", "result":"Success", "context":Received 45 update(s). cV=DMgk+tBTmh/bHugupIBgG0.0;server=akswtt10800000u;cloudType=Consumer;environment=Prod_germanywestcentral_prod-s01-010-eur-germanywestcentral;migrationStage=NotStarted}
{"logTime": "0106/150758", "correlationVector":"bTiZukJIu/dyy0COT0NKf0","action":"Normal GetUpdate request", "result":"", "context":cV=bTiZukJIu/dyy0COT0NKf0
Nudged types: History
Refresh requested types: Bookmarks, Passwords, Autofill Profiles, Autofill, History, Edge Wallet, Encryption Keys}
{"logTime": "0106/150759", "correlationVector":"bTiZukJIu/dyy0COT0NKf0.1","action":"SyncServerConnectionManagerRequest", "result":"SYNC_SERVER_OK", "context":{"environment":"Prod_francecentral_prod-s01-062-eur-francecentral", "migrationStage":"NotStarted", "server":"akswtt11000000e"}}
{"logTime": "0106/150759", "correlationVector":"bTiZukJIu/dyy0COT0NKf0.2","action":"ProcessGetUpdates", "result":"Done", "context":{"dataType":"History", "deleted":"0", "process_failed_to_decrypt":"0", "process_pending_decryption":"0", "process_success":"75", "total":"75"}}
{"logTime": "0106/150759", "correlationVector":"bTiZukJIu/dyy0COT0NKf0.3","action":"GetUpdates Response", "result":"Success", "context":Received 75 update(s). cV=bTiZukJIu/dyy0COT0NKf0.0;server=akswtt11000000e;cloudType=Consumer;environment=Prod_francecentral_prod-s01-062-eur-francecentral;migrationStage=NotStarted}
{"logTime": "0106/150759", "correlationVector":"aDpenMplFT9AXzK8mFtZT9","action":"Commit Request", "result":"", "context":Item count: 1
Contributing types: History}
{"logTime": "0106/150800", "correlationVector":"aDpenMplFT9AXzK8mFtZT9.1","action":"SyncServerConnectionManagerRequest", "result":"SYNC_SERVER_OK", "context":{"environment":"Prod_francecentral_prod-s01-062-eur-francecentral", "migrationStage":"NotStarted", "server":"akswtt11000000e"}}
{"logTime": "0106/150800", "correlationVector":"aDpenMplFT9AXzK8mFtZT9.2","action":"Commit Response", "result":"Success", "context":Result: Success. cV=aDpenMplFT9AXzK8mFtZT9.0;server=akswtt11000000e;cloudType=Consumer;environment=Prod_francecentral_prod-s01-062-eur-francecentral;migrationStage=NotStarted}
{"logTime": "0106/150802", "correlationVector":"sg3QdGFmjq73EldP/yu8Vp","action":"Commit Request", "result":"", "context":Item count: 40
Contributing types: Passwords}
{"logTime": "0106/150805", "correlationVector":"sg3QdGFmjq73EldP/yu8Vp.1","action":"SyncServerConnectionManagerRequest", "result":"SYNC_SERVER_OK", "context":{"environment":"Prod_francecentral_prod-s01-062-eur-francecentral", "migrationStage":"NotStarted", "server":"akswtt110000006"}}
{"logTime": "0106/150805", "correlationVector":"sg3QdGFmjq73EldP/yu8Vp.2","action":"Commit Response", "result":"Success", "context":Result: Success. cV=sg3QdGFmjq73EldP/yu8Vp.0;server=akswtt110000006;cloudType=Consumer;environment=Prod_francecentral_prod-s01-062-eur-francecentral;migrationStage=NotStarted}
{"logTime": "0106/150805", "correlationVector":"wxRvk6kBZECd9C9vra0kaY","action":"Commit Request", "result":"", "context":Item count: 2
Contributing types: History}
{"logTime": "0106/150806", "correlationVector":"wxRvk6kBZECd9C9vra0kaY.1","action":"SyncServerConnectionManagerRequest", "result":"SYNC_SERVER_OK", "context":{"environment":"Prod_francecentral_prod-s01-062-eur-francecentral", "migrationStage":"NotStarted", "server":"akswtt11000000h"}}
{"logTime": "0106/150806", "correlationVector":"wxRvk6kBZECd9C9vra0kaY.2","action":"Commit Response", "result":"Success", "context":Result: Success. cV=wxRvk6kBZECd9C9vra0kaY.0;server=akswtt11000000h;cloudType=Consumer;environment=Prod_francecentral_prod-s01-062-eur-francecentral;migrationStage=NotStarted}
{"logTime": "0106/150914", "correlationVector":"wWkXY7Oif4DgIq7xhN9n6u","action":"Commit Request", "result":"", "context":Item count: 4
Contributing types: History}
{"logTime": "0106/150915", "correlationVector":"wWkXY7Oif4DgIq7xhN9n6u.1","action":"SyncServerConnectionManagerRequest", "result":"SYNC_SERVER_OK", "context":{"environment":"Prod_francecentral_prod-s01-062-eur-francecentral", "migrationStage":"NotStarted", "server":"akswtt11000000s"}}
{"logTime": "0106/150915", "correlationVector":"wWkXY7Oif4DgIq7xhN9n6u.2","action":"Commit Response", "result":"Success", "context":Result: Success. cV=wWkXY7Oif4DgIq7xhN9n6u.0;server=akswtt11000000s;cloudType=Consumer;environment=Prod_francecentral_prod-s01-062-eur-francecentral;migrationStage=NotStarted}
{"logTime": "0106/165739", "correlationVector":"I3XER37hrL36uTDnDVH9lX.1","action":"SyncServerConnectionManagerRequest", "result":"SYNC_SERVER_OK", "context":{"environment":"Prod_francecentral_prod-s01-062-eur-francecentral", "migrationStage":"NotStarted", "server":"akswtt11000000o"}}
{"logTime": "0106/165739", "correlationVector":"I3XER37hrL36uTDnDVH9lX.2","action":"ProcessGetUpdates", "result":"Done", "context":{"dataType":"Encryption Keys", "deleted":"0", "process_failed_to_decrypt":"0", "process_pending_decryption":"0", "process_success":"1", "total":"1"}}
{"logTime": "0106/165743", "correlationVector":"GJJ8U+Yyvc1K+OEu6PWir9","action":"SyncServerConnectionManagerRequest", "result":"SYNC_SERVER_OK", "context":{"environment":"", "migrationStage":"", "server":""}}
{"logTime": "0106/165743", "correlationVector":"GJJ8U+Yyvc1K+OEu6PWir9.0","action":"EncryptionKeysFetcher.DownloadKeys:", "result":"Success", "context":Key count: 5, Last key timestamp: 2025-11-07T12:58:09Z}
{"logTime": "0106/165743", "correlationVector":"GJJ8U+Yyvc1K+OEu6PWir9.1","action":"EncryptionKeysManager::SetEncryptionKeys:", "result":"Success", "context":Key names[5]:[IzCjwIn8rmehSw8LbqAdP5GZ4iN0VKGoF0EgBJUSTD8l1ONYxv36kVZrdOc9tIDGNy5OJMSkX9vIaHqFXaghSg==][ZrlWmTDAojUaa7BeWXfueZ+AIt+wTgOMJC9+apt6o5iE2zHfB0rIjinn+LKo+5yRjMcGC3Mdog/cjFtWK0IkeQ==][PKcEBf1eOmWY0XSVyyc2BvJS6UryXQhG6W/A7TCwna/c6OlVqLIYfXtVC9vKrgm4Yl1lkKF/fxukvQEpPoJAvw==][NRKLdV7PA+z2YHUC3jOkWvnMkdSDYhDs7y8eb8vbbFDTWhva2U/xE8vcceILYtM6XZQJ7X9j4QIUEsSr0RRSbA==][D6DdOTu3TTy7EGy0jOwyISVOaHut3OYbgikOlTVsVUlvxwcF/jjUF545hj8XT1rzOKAznHo8svjzt//bCSAcfA==]}
{"logTime": "0106/165743", "correlationVector":"GJJ8U+Yyvc1K+OEu6PWir9.2","action":"EncryptionKeysManager::SetEncryptionKeysWithTimestamps:", "result":"Success", "context":Key timestamps[5]:[2023-10-30T09:05:46Z][2024-04-27T11:05:11Z][2024-11-11T06:01:33Z][2025-05-10T10:59:30Z][2025-11-07T12:58:09Z]}
{"logTime": "0106/165743", "correlationVector":"I3XER37hrL36uTDnDVH9lX","action":"Initial GetUpdates", "result":"", "context":Reason: NEW_CLIENT. cV=I3XER37hrL36uTDnDVH9lX}
{"logTime": "0106/165743", "correlationVector":"I3XER37hrL36uTDnDVH9lX.3","action":"GetUpdates Response", "result":"Success", "context":Received 1 update(s). cV=I3XER37hrL36uTDnDVH9lX.0;server=akswtt11000000o;cloudType=Consumer;environment=Prod_francecentral_prod-s01-062-eur-francecentral;migrationStage=NotStarted}
{"logTime": "0106/165743", "correlationVector":"UZLTWuOBxaPRtO1vamL2h9","action":"Initial GetUpdates", "result":"", "context":Reason: NEWLY_SUPPORTED_DATATYPE. cV=UZLTWuOBxaPRtO1vamL2h9}
{"logTime": "0106/165825", "correlationVector":"UZLTWuOBxaPRtO1vamL2h9.1","action":"SyncServerConnectionManagerRequest", "result":"SYNC_SERVER_OK", "context":{"environment":"Prod_francecentral_prod-s01-062-eur-francecentral", "migrationStage":"NotStarted", "server":"akswtt11000000y"}}
{"logTime": "0106/165825", "correlationVector":"UZLTWuOBxaPRtO1vamL2h9.2","action":"ProcessGetUpdates", "result":"Done", "context":{"dataType":"Passwords", "deleted":"0", "process_failed_to_decrypt":"0", "process_pending_decryption":"0", "process_success":"45", "total":"45"}}
{"logTime": "0106/165825", "correlationVector":"UZLTWuOBxaPRtO1vamL2h9.3","action":"GetUpdates Response", "result":"Success", "context":Received 45 update(s). cV=UZLTWuOBxaPRtO1vamL2h9.0;server=akswtt11000000y;cloudType=Consumer;environment=Prod_francecentral_prod-s01-062-eur-francecentral;migrationStage=NotStarted}
{"logTime": "0106/165825", "correlationVector":"Zc8OMIrGEMIzFH3rVIGUrR","action":"Normal GetUpdate request", "result":"", "context":cV=Zc8OMIrGEMIzFH3rVIGUrR
Nudged types: History
Refresh requested types: Bookmarks, Passwords, Autofill Profiles, Autofill, History, Edge Wallet, Encryption Keys}
{"logTime": "0106/165826", "correlationVector":"Zc8OMIrGEMIzFH3rVIGUrR.1","action":"SyncServerConnectionManagerRequest", "result":"SYNC_SERVER_OK", "context":{"environment":"Prod_francecentral_prod-s01-062-eur-francecentral", "migrationStage":"NotStarted", "server":"akswtt110000014"}}
{"logTime": "0106/165826", "correlationVector":"Zc8OMIrGEMIzFH3rVIGUrR.2","action":"ProcessGetUpdates", "result":"Done", "context":{"dataType":"History", "deleted":"0", "process_failed_to_decrypt":"0", "process_pending_decryption":"0", "process_success":"32", "total":"32"}}
{"logTime": "0106/165826", "correlationVector":"Zc8OMIrGEMIzFH3rVIGUrR.3","action":"GetUpdates Response", "result":"Success", "context":Received 32 update(s). cV=Zc8OMIrGEMIzFH3rVIGUrR.0;server=akswtt110000014;cloudType=Consumer;environment=Prod_francecentral_prod-s01-062-eur-francecentral;migrationStage=NotStarted}
{"logTime": "0106/165826", "correlationVector":"MW5taBWaT7Ly4eSYsLsaz8","action":"Commit Request", "result":"", "context":Item count: 3
Contributing types: History}
{"logTime": "0106/165827", "correlationVector":"MW5taBWaT7Ly4eSYsLsaz8.1","action":"SyncServerConnectionManagerRequest", "result":"SYNC_SERVER_OK", "context":{"environment":"Prod_francecentral_prod-s01-062-eur-francecentral", "migrationStage":"NotStarted", "server":"akswtt11000000p"}}
{"logTime": "0106/165827", "correlationVector":"MW5taBWaT7Ly4eSYsLsaz8.2","action":"Commit Response", "result":"Success", "context":Result: Success. cV=MW5taBWaT7Ly4eSYsLsaz8.0;server=akswtt11000000p;cloudType=Consumer;environment=Prod_francecentral_prod-s01-062-eur-francecentral;migrationStage=NotStarted}
{"logTime": "0106/165839", "correlationVector":"sz7746vU/MDcKbii+woKs/","action":"Commit Request", "result":"", "context":Item count: 40
Contributing types: Passwords}
{"logTime": "0106/165842", "correlationVector":"sz7746vU/MDcKbii+woKs/.1","action":"SyncServerConnectionManagerRequest", "result":"SYNC_SERVER_OK", "context":{"environment":"Prod_germanywestcentral_prod-s01-011-eur-germanywestcentral", "migrationStage":"NotStarted", "server":"akswtt000000002"}}
{"logTime": "0106/165842", "correlationVector":"sz7746vU/MDcKbii+woKs/.2","action":"Commit Response", "result":"Success", "context":Result: Success. cV=sz7746vU/MDcKbii+woKs/.0;server=akswtt000000002;cloudType=Consumer;environment=Prod_germanywestcentral_prod-s01-011-eur-germanywestcentral;migrationStage=NotStarted}
{"logTime": "0106/165842", "correlationVector":"VGz7B06lHySUuwwIO83XmN","action":"Commit Request", "result":"", "context":Item count: 1
Contributing types: History}
{"logTime": "0106/165843", "correlationVector":"VGz7B06lHySUuwwIO83XmN.1","action":"SyncServerConnectionManagerRequest", "result":"SYNC_SERVER_OK", "context":{"environment":"Prod_francecentral_prod-s01-062-eur-francecentral", "migrationStage":"NotStarted", "server":"akswtt11000000b"}}
{"logTime": "0106/165843", "correlationVector":"VGz7B06lHySUuwwIO83XmN.2","action":"Commit Response", "result":"Success", "context":Result: Success. cV=VGz7B06lHySUuwwIO83XmN.0;server=akswtt11000000b;cloudType=Consumer;environment=Prod_francecentral_prod-s01-062-eur-francecentral;migrationStage=NotStarted}
{"logTime": "0106/170237", "correlationVector":"KNE0S9hgOPU9yqLJuYghEm","action":"Commit Request", "result":"", "context":Item count: 4
Contributing types: History}
{"logTime": "0106/170241", "correlationVector":"KNE0S9hgOPU9yqLJuYghEm.1","action":"SyncServerConnectionManagerRequest", "result":"SYNC_SERVER_OK", "context":{"environment":"Prod_francecentral_prod-s01-062-eur-francecentral", "migrationStage":"NotStarted", "server":"akswtt11000000z"}}
{"logTime": "0106/170241", "correlationVector":"KNE0S9hgOPU9yqLJuYghEm.2","action":"Commit Response", "result":"Success", "context":Result: Success. cV=KNE0S9hgOPU9yqLJuYghEm.0;server=akswtt11000000z;cloudType=Consumer;environment=Prod_francecentral_prod-s01-062-eur-francecentral;migrationStage=NotStarted}
{"logTime": "0106/200031", "correlationVector":"jA84FgIWFlSBa4l85XGQj6.1","action":"SyncServerConnectionManagerRequest", "result":"SYNC_SERVER_OK", "context":{"environment":"Prod_francecentral_prod-s01-062-eur-francecentral", "migrationStage":"NotStarted", "server":"akswtt110000007"}}
{"logTime": "0106/200031", "correlationVector":"jA84FgIWFlSBa4l85XGQj6.2","action":"ProcessGetUpdates", "result":"Done", "context":{"dataType":"Encryption Keys", "deleted":"0", "process_failed_to_decrypt":"0", "process_pending_decryption":"0", "process_success":"1", "total":"1"}}
{"logTime": "0106/200031", "correlationVector":"jA84FgIWFlSBa4l85XGQj6","action":"Initial GetUpdates", "result":"", "context":Reason: NEW_CLIENT. cV=jA84FgIWFlSBa4l85XGQj6}
{"logTime": "0106/200031", "correlationVector":"jA84FgIWFlSBa4l85XGQj6.3","action":"GetUpdates Response", "result":"Success", "context":Received 1 update(s). cV=jA84FgIWFlSBa4l85XGQj6.0;server=akswtt110000007;cloudType=Consumer;environment=Prod_francecentral_prod-s01-062-eur-francecentral;migrationStage=NotStarted}
{"logTime": "0106/200031", "correlationVector":"3eVIiBG1blrN/Pgm5ZqeTX","action":"Normal GetUpdate request", "result":"", "context":cV=3eVIiBG1blrN/Pgm5ZqeTX
Nudged types: History
Refresh requested types: Bookmarks, History, Edge Wallet, Encryption Keys}
{"logTime": "0106/200032", "correlationVector":"3eVIiBG1blrN/Pgm5ZqeTX.1","action":"SyncServerConnectionManagerRequest", "result":"SYNC_SERVER_OK", "context":{"environment":"Prod_francecentral_prod-s01-062-eur-francecentral", "migrationStage":"NotStarted", "server":"akswtt110000010"}}
{"logTime": "0106/200032", "correlationVector":"3eVIiBG1blrN/Pgm5ZqeTX.2","action":"ProcessGetUpdates", "result":"Done", "context":{"dataType":"History", "deleted":"0", "process_failed_to_decrypt":"0", "process_pending_decryption":"0", "process_success":"87", "total":"87"}}
{"logTime": "0106/200032", "correlationVector":"3eVIiBG1blrN/Pgm5ZqeTX.3","action":"GetUpdates Response", "result":"Success", "context":Received 87 update(s). cV=3eVIiBG1blrN/Pgm5ZqeTX.0;server=akswtt110000010;cloudType=Consumer;environment=Prod_francecentral_prod-s01-062-eur-francecentral;migrationStage=NotStarted}
{"logTime": "0106/200033", "correlationVector":"q9R6dDNiHSGkBkMeHrTYr/","action":"Poll GetUpdate request", "result":"", "context":cV=q9R6dDNiHSGkBkMeHrTYr/}
{"logTime": "0106/200033", "correlationVector":"q9R6dDNiHSGkBkMeHrTYr/.1","action":"SyncServerConnectionManagerRequest", "result":"SYNC_SERVER_OK", "context":{"environment":"Prod_francecentral_prod-s01-062-eur-francecentral", "migrationStage":"NotStarted", "server":"akswtt11000000v"}}
{"logTime": "0106/200033", "correlationVector":"q9R6dDNiHSGkBkMeHrTYr/.2","action":"GetUpdates Response", "result":"Success", "context":Received 0 update(s). cV=q9R6dDNiHSGkBkMeHrTYr/.0;server=akswtt11000000v;cloudType=Consumer;environment=Prod_francecentral_prod-s01-062-eur-francecentral;migrationStage=NotStarted}
{"logTime": "0106/200050", "correlationVector":"tw76kmx1y+lMufZiZA7Nsq","action":"Normal GetUpdate request", "result":"", "context":cV=tw76kmx1y+lMufZiZA7Nsq
Refresh requested types: Encryption Keys}
{"logTime": "0106/200051", "correlationVector":"tw76kmx1y+lMufZiZA7Nsq.1","action":"SyncServerConnectionManagerRequest", "result":"SYNC_SERVER_OK", "context":{"environment":"Prod_francecentral_prod-s01-062-eur-francecentral", "migrationStage":"NotStarted", "server":"akswtt110000007"}}
{"logTime": "0106/200051", "correlationVector":"tw76kmx1y+lMufZiZA7Nsq.2","action":"GetUpdates Response", "result":"Success", "context":Received 0 update(s). cV=tw76kmx1y+lMufZiZA7Nsq.0;server=akswtt110000007;cloudType=Consumer;environment=Prod_francecentral_prod-s01-062-eur-francecentral;migrationStage=NotStarted}
{"logTime": "0106/200054", "correlationVector":"KT87YrvMBbl5apwtRr4lRv","action":"SyncServerConnectionManagerRequest", "result":"SYNC_SERVER_OK", "context":{"environment":"", "migrationStage":"", "server":""}}
{"logTime": "0106/200054", "correlationVector":"KT87YrvMBbl5apwtRr4lRv.0","action":"EncryptionKeysFetcher.DownloadKeys:", "result":"Success", "context":Key count: 5, Last key timestamp: 2025-11-07T12:58:09Z}
{"logTime": "0106/200054", "correlationVector":"KT87YrvMBbl5apwtRr4lRv.1","action":"EncryptionKeysManager::SetEncryptionKeys:", "result":"Success", "context":Key names[5]:[IzCjwIn8rmehSw8LbqAdP5GZ4iN0VKGoF0EgBJUSTD8l1ONYxv36kVZrdOc9tIDGNy5OJMSkX9vIaHqFXaghSg==][ZrlWmTDAojUaa7BeWXfueZ+AIt+wTgOMJC9+apt6o5iE2zHfB0rIjinn+LKo+5yRjMcGC3Mdog/cjFtWK0IkeQ==][PKcEBf1eOmWY0XSVyyc2BvJS6UryXQhG6W/A7TCwna/c6OlVqLIYfXtVC9vKrgm4Yl1lkKF/fxukvQEpPoJAvw==][NRKLdV7PA+z2YHUC3jOkWvnMkdSDYhDs7y8eb8vbbFDTWhva2U/xE8vcceILYtM6XZQJ7X9j4QIUEsSr0RRSbA==][D6DdOTu3TTy7EGy0jOwyISVOaHut3OYbgikOlTVsVUlvxwcF/jjUF545hj8XT1rzOKAznHo8svjzt//bCSAcfA==]}
{"logTime": "0106/200054", "correlationVector":"KT87YrvMBbl5apwtRr4lRv.2","action":"EncryptionKeysManager::SetEncryptionKeysWithTimestamps:", "result":"Success", "context":Key timestamps[5]:[2023-10-30T09:05:46Z][2024-04-27T11:05:11Z][2024-11-11T06:01:33Z][2025-05-10T10:59:30Z][2025-11-07T12:58:09Z]}
{"logTime": "0106/200054", "correlationVector":"tdM7tV5XWvUxRTa4U0QlmT","action":"Initial GetUpdates", "result":"", "context":Reason: NEWLY_SUPPORTED_DATATYPE. cV=tdM7tV5XWvUxRTa4U0QlmT}
{"logTime": "0106/200056", "correlationVector":"tdM7tV5XWvUxRTa4U0QlmT.1","action":"SyncServerConnectionManagerRequest", "result":"SYNC_SERVER_OK", "context":{"environment":"Prod_francecentral_prod-s01-062-eur-francecentral", "migrationStage":"NotStarted", "server":"akswtt110000005"}}
{"logTime": "0106/200056", "correlationVector":"tdM7tV5XWvUxRTa4U0QlmT.2","action":"ProcessGetUpdates", "result":"Done", "context":{"dataType":"Passwords", "deleted":"0", "process_failed_to_decrypt":"0", "process_pending_decryption":"0", "process_success":"45", "total":"45"}}
{"logTime": "0106/200056", "correlationVector":"tdM7tV5XWvUxRTa4U0QlmT.3","action":"GetUpdates Response", "result":"Success", "context":Received 45 update(s). cV=tdM7tV5XWvUxRTa4U0QlmT.0;server=akswtt110000005;cloudType=Consumer;environment=Prod_francecentral_prod-s01-062-eur-francecentral;migrationStage=NotStarted}
{"logTime": "0106/200056", "correlationVector":"pE77aJ1w8IIc7fiFlqMmJp","action":"Normal GetUpdate request", "result":"", "context":cV=pE77aJ1w8IIc7fiFlqMmJp
Refresh requested types: Bookmarks, Passwords, Autofill Profiles, Autofill, History, Edge Wallet, Encryption Keys}
{"logTime": "0106/200057", "correlationVector":"pE77aJ1w8IIc7fiFlqMmJp.1","action":"SyncServerConnectionManagerRequest", "result":"SYNC_SERVER_OK", "context":{"environment":"Prod_francecentral_prod-s01-062-eur-francecentral", "migrationStage":"NotStarted", "server":"akswtt11000000s"}}
{"logTime": "0106/200057", "correlationVector":"pE77aJ1w8IIc7fiFlqMmJp.2","action":"GetUpdates Response", "result":"Success", "context":Received 0 update(s). cV=pE77aJ1w8IIc7fiFlqMmJp.0;server=akswtt11000000s;cloudType=Consumer;environment=Prod_francecentral_prod-s01-062-eur-francecentral;migrationStage=NotStarted}
{"logTime": "0106/200107", "correlationVector":"a6qUOdj64Bq1QDWerpdkWc","action":"Commit Request", "result":"", "context":Item count: 40
Contributing types: Passwords}
{"logTime": "0106/200111", "correlationVector":"a6qUOdj64Bq1QDWerpdkWc.1","action":"SyncServerConnectionManagerRequest", "result":"SYNC_SERVER_OK", "context":{"environment":"Prod_francecentral_prod-s01-062-eur-francecentral", "migrationStage":"NotStarted", "server":"akswtt110000007"}}
{"logTime": "0106/200111", "correlationVector":"a6qUOdj64Bq1QDWerpdkWc.2","action":"Commit Response", "result":"Success", "context":Result: Success. cV=a6qUOdj64Bq1QDWerpdkWc.0;server=akswtt110000007;cloudType=Consumer;environment=Prod_francecentral_prod-s01-062-eur-francecentral;migrationStage=NotStarted}
{"logTime": "0106/201633", "correlationVector":"LjTr1L9Z+g6oPPMq97As/u","action":"Commit Request", "result":"", "context":Item count: 3
Contributing types: History}
{"logTime": "0106/201634", "correlationVector":"LjTr1L9Z+g6oPPMq97As/u.1","action":"SyncServerConnectionManagerRequest", "result":"SYNC_SERVER_OK", "context":{"environment":"Prod_francecentral_prod-s01-062-eur-francecentral", "migrationStage":"NotStarted", "server":"akswtt110000000"}}
{"logTime": "0106/201634", "correlationVector":"LjTr1L9Z+g6oPPMq97As/u.2","action":"Commit Response", "result":"Success", "context":Result: Success. cV=LjTr1L9Z+g6oPPMq97As/u.0;server=akswtt110000000;cloudType=Consumer;environment=Prod_francecentral_prod-s01-062-eur-francecentral;migrationStage=NotStarted}
{"logTime": "0106/202511", "correlationVector":"A6mFH4H1+DmtAOuBKzxF2u","action":"Commit Request", "result":"", "context":Item count: 1
Contributing types: History}
{"logTime": "0106/202512", "correlationVector":"A6mFH4H1+DmtAOuBKzxF2u.1","action":"SyncServerConnectionManagerRequest", "result":"SYNC_SERVER_OK", "context":{"environment":"Prod_francecentral_prod-s01-062-eur-francecentral", "migrationStage":"NotStarted", "server":"akswtt110000019"}}
{"logTime": "0106/202512", "correlationVector":"A6mFH4H1+DmtAOuBKzxF2u.2","action":"Commit Response", "result":"Success", "context":Result: Success. cV=A6mFH4H1+DmtAOuBKzxF2u.0;server=akswtt110000019;cloudType=Consumer;environment=Prod_francecentral_prod-s01-062-eur-francecentral;migrationStage=NotStarted}
{"logTime": "0106/202759", "correlationVector":"p8GBZzHT/OxZFHKIs1IyD7","action":"Commit Request", "result":"", "context":Item count: 1
Contributing types: Autofill Profiles}
{"logTime": "0106/202801", "correlationVector":"p8GBZzHT/OxZFHKIs1IyD7.1","action":"SyncServerConnectionManagerRequest", "result":"SYNC_SERVER_OK", "context":{"environment":"Prod_francecentral_prod-s01-062-eur-francecentral", "migrationStage":"NotStarted", "server":"akswtt110000005"}}
{"logTime": "0106/202801", "correlationVector":"p8GBZzHT/OxZFHKIs1IyD7.2","action":"Commit Response", "result":"Success", "context":Result: Success. cV=p8GBZzHT/OxZFHKIs1IyD7.0;server=akswtt110000005;cloudType=Consumer;environment=Prod_francecentral_prod-s01-062-eur-francecentral;migrationStage=NotStarted}
{"logTime": "0106/203314", "correlationVector":"nx6fTKVLlP6pDvFB3UO5dA","action":"Commit Request", "result":"", "context":Item count: 5
Contributing types: Autofill Profiles, History}
{"logTime": "0106/203315", "correlationVector":"nx6fTKVLlP6pDvFB3UO5dA.1","action":"SyncServerConnectionManagerRequest", "result":"SYNC_SERVER_OK", "context":{"environment":"Prod_francecentral_prod-s01-062-eur-francecentral", "migrationStage":"NotStarted", "server":"akswtt110000008"}}
{"logTime": "0106/203315", "correlationVector":"nx6fTKVLlP6pDvFB3UO5dA.2","action":"Commit Response", "result":"Success", "context":Result: Success. cV=nx6fTKVLlP6pDvFB3UO5dA.0;server=akswtt110000008;cloudType=Consumer;environment=Prod_francecentral_prod-s01-062-eur-francecentral;migrationStage=NotStarted}
{"logTime": "0106/203415", "correlationVector":"by/HkcNntf0hspLXUObbe+","action":"Commit Request", "result":"", "context":Item count: 1
Contributing types: History}
{"logTime": "0106/203416", "correlationVector":"by/HkcNntf0hspLXUObbe+.1","action":"SyncServerConnectionManagerRequest", "result":"SYNC_SERVER_OK", "context":{"environment":"Prod_francecentral_prod-s01-062-eur-francecentral", "migrationStage":"NotStarted", "server":"akswtt11000000h"}}
{"logTime": "0106/203416", "correlationVector":"by/HkcNntf0hspLXUObbe+.2","action":"Commit Response", "result":"Success", "context":Result: Success. cV=by/HkcNntf0hspLXUObbe+.0;server=akswtt11000000h;cloudType=Consumer;environment=Prod_francecentral_prod-s01-062-eur-francecentral;migrationStage=NotStarted}
{"logTime": "0106/210324", "correlationVector":"vHegqLb7dmwg1DP+fte+R0","action":"Commit Request", "result":"", "context":Item count: 2
Contributing types: History}
{"logTime": "0106/210325", "correlationVector":"vHegqLb7dmwg1DP+fte+R0.1","action":"SyncServerConnectionManagerRequest", "result":"SYNC_SERVER_OK", "context":{"environment":"Prod_francecentral_prod-s01-062-eur-francecentral", "migrationStage":"NotStarted", "server":"akswtt11000000o"}}
{"logTime": "0106/210325", "correlationVector":"vHegqLb7dmwg1DP+fte+R0.2","action":"Commit Response", "result":"Success", "context":Result: Success. cV=vHegqLb7dmwg1DP+fte+R0.0;server=akswtt11000000o;cloudType=Consumer;environment=Prod_francecentral_prod-s01-062-eur-francecentral;migrationStage=NotStarted}
{"logTime": "0107/041955", "correlationVector":"ObW/gyu20DufNFM7DqKw9K.1","action":"SyncServerConnectionManagerRequest", "result":"SYNC_SERVER_OK", "context":{"environment":"Prod_francecentral_prod-s01-062-eur-francecentral", "migrationStage":"NotStarted", "server":"akswtt11000000g"}}
{"logTime": "0107/041955", "correlationVector":"ObW/gyu20DufNFM7DqKw9K.2","action":"ProcessGetUpdates", "result":"Done", "context":{"dataType":"Encryption Keys", "deleted":"0", "process_failed_to_decrypt":"0", "process_pending_decryption":"0", "process_success":"1", "total":"1"}}
{"logTime": "0107/041956", "correlationVector":"yQ7N1NFfBZUnFTKUm0ZMbU","action":"SyncServerConnectionManagerRequest", "result":"SYNC_SERVER_OK", "context":{"environment":"", "migrationStage":"", "server":""}}
{"logTime": "0107/041956", "correlationVector":"yQ7N1NFfBZUnFTKUm0ZMbU.0","action":"EncryptionKeysFetcher.DownloadKeys:", "result":"Success", "context":Key count: 5, Last key timestamp: 2025-11-07T12:58:09Z}
{"logTime": "0107/041956", "correlationVector":"yQ7N1NFfBZUnFTKUm0ZMbU.1","action":"EncryptionKeysManager::SetEncryptionKeys:", "result":"Success", "context":Key names[5]:[IzCjwIn8rmehSw8LbqAdP5GZ4iN0VKGoF0EgBJUSTD8l1ONYxv36kVZrdOc9tIDGNy5OJMSkX9vIaHqFXaghSg==][ZrlWmTDAojUaa7BeWXfueZ+AIt+wTgOMJC9+apt6o5iE2zHfB0rIjinn+LKo+5yRjMcGC3Mdog/cjFtWK0IkeQ==][PKcEBf1eOmWY0XSVyyc2BvJS6UryXQhG6W/A7TCwna/c6OlVqLIYfXtVC9vKrgm4Yl1lkKF/fxukvQEpPoJAvw==][NRKLdV7PA+z2YHUC3jOkWvnMkdSDYhDs7y8eb8vbbFDTWhva2U/xE8vcceILYtM6XZQJ7X9j4QIUEsSr0RRSbA==][D6DdOTu3TTy7EGy0jOwyISVOaHut3OYbgikOlTVsVUlvxwcF/jjUF545hj8XT1rzOKAznHo8svjzt//bCSAcfA==]}
{"logTime": "0107/041956", "correlationVector":"yQ7N1NFfBZUnFTKUm0ZMbU.2","action":"EncryptionKeysManager::SetEncryptionKeysWithTimestamps:", "result":"Success", "context":Key timestamps[5]:[2023-10-30T09:05:46Z][2024-04-27T11:05:11Z][2024-11-11T06:01:33Z][2025-05-10T10:59:30Z][2025-11-07T12:58:09Z]}
{"logTime": "0107/041956", "correlationVector":"ObW/gyu20DufNFM7DqKw9K","action":"Initial GetUpdates", "result":"", "context":Reason: NEW_CLIENT. cV=ObW/gyu20DufNFM7DqKw9K}
{"logTime": "0107/041956", "correlationVector":"ObW/gyu20DufNFM7DqKw9K.3","action":"GetUpdates Response", "result":"Success", "context":Received 1 update(s). cV=ObW/gyu20DufNFM7DqKw9K.0;server=akswtt11000000g;cloudType=Consumer;environment=Prod_francecentral_prod-s01-062-eur-francecentral;migrationStage=NotStarted}
{"logTime": "0107/041956", "correlationVector":"sRnLZVWzkCHal3HeiqmjPf","action":"Initial GetUpdates", "result":"", "context":Reason: NEWLY_SUPPORTED_DATATYPE. cV=sRnLZVWzkCHal3HeiqmjPf}
{"logTime": "0107/041957", "correlationVector":"sRnLZVWzkCHal3HeiqmjPf.1","action":"SyncServerConnectionManagerRequest", "result":"SYNC_SERVER_OK", "context":{"environment":"Prod_francecentral_prod-s01-062-eur-francecentral", "migrationStage":"NotStarted", "server":"akswtt110000006"}}
{"logTime": "0107/041957", "correlationVector":"sRnLZVWzkCHal3HeiqmjPf.2","action":"ProcessGetUpdates", "result":"Done", "context":{"dataType":"Passwords", "deleted":"0", "process_failed_to_decrypt":"0", "process_pending_decryption":"0", "process_success":"45", "total":"45"}}
{"logTime": "0107/041957", "correlationVector":"sRnLZVWzkCHal3HeiqmjPf.3","action":"GetUpdates Response", "result":"Success", "context":Received 45 update(s). cV=sRnLZVWzkCHal3HeiqmjPf.0;server=akswtt110000006;cloudType=Consumer;environment=Prod_francecentral_prod-s01-062-eur-francecentral;migrationStage=NotStarted}
{"logTime": "0107/041957", "correlationVector":"zqkwCABg/UTQqS3DPLZT1s","action":"Normal GetUpdate request", "result":"", "context":cV=zqkwCABg/UTQqS3DPLZT1s
Nudged types: History
Refresh requested types: Bookmarks, Passwords, Autofill Profiles, Autofill, History, Edge Wallet, Encryption Keys}
{"logTime": "0107/041957", "correlationVector":"zqkwCABg/UTQqS3DPLZT1s.1","action":"SyncServerConnectionManagerRequest", "result":"SYNC_SERVER_OK", "context":{"environment":"Prod_francecentral_prod-s01-062-eur-francecentral", "migrationStage":"NotStarted", "server":"akswtt110000006"}}
{"logTime": "0107/041957", "correlationVector":"zqkwCABg/UTQqS3DPLZT1s.2","action":"ProcessGetUpdates", "result":"Done", "context":{"dataType":"Autofill Profiles", "deleted":"0", "process_failed_to_decrypt":"0", "process_pending_decryption":"0", "process_success":"2", "total":"2"}}
{"logTime": "0107/041957", "correlationVector":"zqkwCABg/UTQqS3DPLZT1s.3","action":"ProcessGetUpdates", "result":"Done", "context":{"dataType":"History", "deleted":"0", "process_failed_to_decrypt":"0", "process_pending_decryption":"0", "process_success":"30", "total":"30"}}
{"logTime": "0107/041957", "correlationVector":"zqkwCABg/UTQqS3DPLZT1s.4","action":"GetUpdates Response", "result":"Success", "context":Received 32 update(s). cV=zqkwCABg/UTQqS3DPLZT1s.0;server=akswtt110000006;cloudType=Consumer;environment=Prod_francecentral_prod-s01-062-eur-francecentral;migrationStage=NotStarted}
{"logTime": "0107/041957", "correlationVector":"b/pnjmr8t50/DEtAwy8u26","action":"Commit Request", "result":"", "context":Item count: 4
Contributing types: History}
{"logTime": "0107/041958", "correlationVector":"b/pnjmr8t50/DEtAwy8u26.1","action":"SyncServerConnectionManagerRequest", "result":"SYNC_SERVER_OK", "context":{"environment":"Prod_francecentral_prod-s01-062-eur-francecentral", "migrationStage":"NotStarted", "server":"akswtt11000000h"}}
{"logTime": "0107/041958", "correlationVector":"b/pnjmr8t50/DEtAwy8u26.2","action":"Commit Response", "result":"Success", "context":Result: Success. cV=b/pnjmr8t50/DEtAwy8u26.0;server=akswtt11000000h;cloudType=Consumer;environment=Prod_francecentral_prod-s01-062-eur-francecentral;migrationStage=NotStarted}
{"logTime": "0107/041958", "correlationVector":"43oKaU0AAiRCoq2YK4MOQ/","action":"Commit Request", "result":"", "context":Item count: 2
Contributing types: History}
{"logTime": "0107/041958", "correlationVector":"43oKaU0AAiRCoq2YK4MOQ/.1","action":"SyncServerConnectionManagerRequest", "result":"SYNC_SERVER_OK", "context":{"environment":"Prod_francecentral_prod-s01-062-eur-francecentral", "migrationStage":"NotStarted", "server":"akswtt110000010"}}
{"logTime": "0107/041958", "correlationVector":"43oKaU0AAiRCoq2YK4MOQ/.2","action":"Commit Response", "result":"Success", "context":Result: Success. cV=43oKaU0AAiRCoq2YK4MOQ/.0;server=akswtt110000010;cloudType=Consumer;environment=Prod_francecentral_prod-s01-062-eur-francecentral;migrationStage=NotStarted}
{"logTime": "0107/041958", "correlationVector":"ddAcHEUj8xXrhV0t/OWQ21","action":"Poll GetUpdate request", "result":"", "context":cV=ddAcHEUj8xXrhV0t/OWQ21}
{"logTime": "0107/041958", "correlationVector":"ddAcHEUj8xXrhV0t/OWQ21.1","action":"SyncServerConnectionManagerRequest", "result":"SYNC_SERVER_OK", "context":{"environment":"Prod_francecentral_prod-s01-062-eur-francecentral", "migrationStage":"NotStarted", "server":"akswtt110000019"}}
{"logTime": "0107/041958", "correlationVector":"ddAcHEUj8xXrhV0t/OWQ21.2","action":"ProcessGetUpdates", "result":"Done", "context":{"dataType":"History", "deleted":"0", "process_failed_to_decrypt":"0", "process_pending_decryption":"0", "process_success":"6", "total":"6"}}
{"logTime": "0107/041958", "correlationVector":"ddAcHEUj8xXrhV0t/OWQ21.3","action":"GetUpdates Response", "result":"Success", "context":Received 6 update(s). cV=ddAcHEUj8xXrhV0t/OWQ21.0;server=akswtt110000019;cloudType=Consumer;environment=Prod_francecentral_prod-s01-062-eur-francecentral;migrationStage=NotStarted}
{"logTime": "0107/042001", "correlationVector":"22jPh3WqRBNoapyLkG93Og","action":"Commit Request", "result":"", "context":Item count: 40
Contributing types: Passwords}
{"logTime": "0107/042004", "correlationVector":"22jPh3WqRBNoapyLkG93Og.1","action":"SyncServerConnectionManagerRequest", "result":"SYNC_SERVER_OK", "context":{"environment":"Prod_francecentral_prod-s01-062-eur-francecentral", "migrationStage":"NotStarted", "server":"akswtt11000000k"}}
{"logTime": "0107/042004", "correlationVector":"22jPh3WqRBNoapyLkG93Og.2","action":"Commit Response", "result":"Success", "context":Result: Success. cV=22jPh3WqRBNoapyLkG93Og.0;server=akswtt11000000k;cloudType=Consumer;environment=Prod_francecentral_prod-s01-062-eur-francecentral;migrationStage=NotStarted}
{"logTime": "0107/042417", "correlationVector":"iTz88nVUHTJzTgFSfdbmFc","action":"Commit Request", "result":"", "context":Item count: 1
Contributing types: Autofill Profiles}
{"logTime": "0107/042418", "correlationVector":"iTz88nVUHTJzTgFSfdbmFc.1","action":"SyncServerConnectionManagerRequest", "result":"SYNC_SERVER_OK", "context":{"environment":"Prod_francecentral_prod-s01-062-eur-francecentral", "migrationStage":"NotStarted", "server":"akswtt11000000k"}}
{"logTime": "0107/042418", "correlationVector":"iTz88nVUHTJzTgFSfdbmFc.2","action":"Commit Response", "result":"Success", "context":Result: Success. cV=iTz88nVUHTJzTgFSfdbmFc.0;server=akswtt11000000k;cloudType=Consumer;environment=Prod_francecentral_prod-s01-062-eur-francecentral;migrationStage=NotStarted}
{"logTime": "0107/042518", "correlationVector":"vbJnw5Fyt5/xVLBBZAEXsh","action":"Commit Request", "result":"", "context":Item count: 1
Contributing types: History}
{"logTime": "0107/042518", "correlationVector":"vbJnw5Fyt5/xVLBBZAEXsh.1","action":"SyncServerConnectionManagerRequest", "result":"SYNC_SERVER_OK", "context":{"environment":"Prod_francecentral_prod-s01-062-eur-francecentral", "migrationStage":"NotStarted", "server":"akswtt110000015"}}
{"logTime": "0107/042518", "correlationVector":"vbJnw5Fyt5/xVLBBZAEXsh.2","action":"Commit Response", "result":"Success", "context":Result: Success. cV=vbJnw5Fyt5/xVLBBZAEXsh.0;server=akswtt110000015;cloudType=Consumer;environment=Prod_francecentral_prod-s01-062-eur-francecentral;migrationStage=NotStarted}
{"logTime": "0107/050524", "correlationVector":"R7Utlk3U7+AvX335B+pa3v","action":"Commit Request", "result":"", "context":Item count: 3
Contributing types: Autofill Profiles, History}
{"logTime": "0107/050524", "correlationVector":"R7Utlk3U7+AvX335B+pa3v.1","action":"SyncServerConnectionManagerRequest", "result":"SYNC_SERVER_OK", "context":{"environment":"Prod_francecentral_prod-s01-062-eur-francecentral", "migrationStage":"NotStarted", "server":"akswtt11000000z"}}
{"logTime": "0107/050524", "correlationVector":"R7Utlk3U7+AvX335B+pa3v.2","action":"Commit Response", "result":"Success", "context":Result: Success. cV=R7Utlk3U7+AvX335B+pa3v.0;server=akswtt11000000z;cloudType=Consumer;environment=Prod_francecentral_prod-s01-062-eur-francecentral;migrationStage=NotStarted}
{"logTime": "0107/050624", "correlationVector":"arkhSQYV5k/DPj9EXAc1mo","action":"Commit Request", "result":"", "context":Item count: 3
Contributing types: History}
{"logTime": "0107/050625", "correlationVector":"arkhSQYV5k/DPj9EXAc1mo.1","action":"SyncServerConnectionManagerRequest", "result":"SYNC_SERVER_OK", "context":{"environment":"Prod_francecentral_prod-s01-062-eur-francecentral", "migrationStage":"NotStarted", "server":"akswtt11000000t"}}
{"logTime": "0107/050625", "correlationVector":"arkhSQYV5k/DPj9EXAc1mo.2","action":"Commit Response", "result":"Success", "context":Result: Success. cV=arkhSQYV5k/DPj9EXAc1mo.0;server=akswtt11000000t;cloudType=Consumer;environment=Prod_francecentral_prod-s01-062-eur-francecentral;migrationStage=NotStarted}
{"logTime": "0107/051710", "correlationVector":"T0fnm6Ki8K2euacFCPikY5","action":"Commit Request", "result":"", "context":Item count: 3
Contributing types: History}
{"logTime": "0107/051712", "correlationVector":"T0fnm6Ki8K2euacFCPikY5.1","action":"SyncServerConnectionManagerRequest", "result":"SYNC_SERVER_OK", "context":{"environment":"Prod_francecentral_prod-s01-062-eur-francecentral", "migrationStage":"NotStarted", "server":"akswtt11000000a"}}
{"logTime": "0107/051712", "correlationVector":"T0fnm6Ki8K2euacFCPikY5.2","action":"Commit Response", "result":"Success", "context":Result: Success. cV=T0fnm6Ki8K2euacFCPikY5.0;server=akswtt11000000a;cloudType=Consumer;environment=Prod_francecentral_prod-s01-062-eur-francecentral;migrationStage=NotStarted}
{"logTime": "0107/061215", "correlationVector":"YmM8ekGIxuEz06KPUXbYnm","action":"Commit Request", "result":"", "context":Item count: 4
Contributing types: Autofill Profiles, History}
{"logTime": "0107/061217", "correlationVector":"YmM8ekGIxuEz06KPUXbYnm.1","action":"SyncServerConnectionManagerRequest", "result":"SYNC_SERVER_OK", "context":{"environment":"Prod_francecentral_prod-s01-062-eur-francecentral", "migrationStage":"NotStarted", "server":"akswtt110000006"}}
{"logTime": "0107/061217", "correlationVector":"YmM8ekGIxuEz06KPUXbYnm.2","action":"Commit Response", "result":"Success", "context":Result: Success. cV=YmM8ekGIxuEz06KPUXbYnm.0;server=akswtt110000006;cloudType=Consumer;environment=Prod_francecentral_prod-s01-062-eur-francecentral;migrationStage=NotStarted}
{"logTime": "0107/061815", "correlationVector":"Qc5QjFDACMjXnQTR/qSQb3","action":"Commit Request", "result":"", "context":Item count: 1
Contributing types: History}
{"logTime": "0107/061816", "correlationVector":"Qc5QjFDACMjXnQTR/qSQb3","action":"SyncServerConnectionManagerRequest", "result":"CONNECTION_UNAVAILABLE", "context":{"error_type":"net_error_code", "error_value":"-105"}}
{"logTime": "0107/061816", "correlationVector":"GOUc2M977yuVgLe+7eWuOh.0","action":"Commit Response", "result":"Network error (ERR_NAME_NOT_RESOLVED)", "context":Result: Network error (ERR_NAME_NOT_RESOLVED). }
{"logTime": "0107/061817", "correlationVector":"PdkA0b4Tvap3ei/H8O3EtX","action":"Commit Request", "result":"", "context":Item count: 1
Contributing types: History}
{"logTime": "0107/061822", "correlationVector":"PdkA0b4Tvap3ei/H8O3EtX.1","action":"SyncServerConnectionManagerRequest", "result":"SYNC_SERVER_OK", "context":{"environment":"Prod_francecentral_prod-s01-062-eur-francecentral", "migrationStage":"NotStarted", "server":"akswtt110000015"}}
{"logTime": "0107/061822", "correlationVector":"PdkA0b4Tvap3ei/H8O3EtX.2","action":"Commit Response", "result":"Success", "context":Result: Success. cV=PdkA0b4Tvap3ei/H8O3EtX.0;server=akswtt110000015;cloudType=Consumer;environment=Prod_francecentral_prod-s01-062-eur-francecentral;migrationStage=NotStarted}
{"logTime": "0107/064910", "correlationVector":"YluGF4kTGsEEzrRwUuv60g","action":"Commit Request", "result":"", "context":Item count: 2
Contributing types: History}
{"logTime": "0107/064911", "correlationVector":"YluGF4kTGsEEzrRwUuv60g.1","action":"SyncServerConnectionManagerRequest", "result":"SYNC_SERVER_OK", "context":{"environment":"Prod_francecentral_prod-s01-062-eur-francecentral", "migrationStage":"NotStarted", "server":"akswtt110000004"}}
{"logTime": "0107/064911", "correlationVector":"YluGF4kTGsEEzrRwUuv60g.2","action":"Commit Response", "result":"Success", "context":Result: Success. cV=YluGF4kTGsEEzrRwUuv60g.0;server=akswtt110000004;cloudType=Consumer;environment=Prod_francecentral_prod-s01-062-eur-francecentral;migrationStage=NotStarted}
{"logTime": "0107/065111", "correlationVector":"qqvrtB3rquDtbMlQffmZ76","action":"Commit Request", "result":"", "context":Item count: 2
Contributing types: History}
{"logTime": "0107/065112", "correlationVector":"qqvrtB3rquDtbMlQffmZ76.1","action":"SyncServerConnectionManagerRequest", "result":"SYNC_SERVER_OK", "context":{"environment":"Prod_francecentral_prod-s01-062-eur-francecentral", "migrationStage":"NotStarted", "server":"akswtt110000000"}}
{"logTime": "0107/065112", "correlationVector":"qqvrtB3rquDtbMlQffmZ76.2","action":"Commit Response", "result":"Success", "context":Result: Success. cV=qqvrtB3rquDtbMlQffmZ76.0;server=akswtt110000000;cloudType=Consumer;environment=Prod_francecentral_prod-s01-062-eur-francecentral;migrationStage=NotStarted}
{"logTime": "0107/065334", "correlationVector":"H8Gm/bnXJEKACW7YmgpvSr","action":"Commit Request", "result":"", "context":Item count: 5
Contributing types: Autofill Profiles, History}
{"logTime": "0107/065335", "correlationVector":"H8Gm/bnXJEKACW7YmgpvSr.1","action":"SyncServerConnectionManagerRequest", "result":"SYNC_SERVER_OK", "context":{"environment":"Prod_francecentral_prod-s01-062-eur-francecentral", "migrationStage":"NotStarted", "server":"akswtt11000000w"}}
{"logTime": "0107/065335", "correlationVector":"H8Gm/bnXJEKACW7YmgpvSr.2","action":"Commit Response", "result":"Success", "context":Result: Success. cV=H8Gm/bnXJEKACW7YmgpvSr.0;server=akswtt11000000w;cloudType=Consumer;environment=Prod_francecentral_prod-s01-062-eur-francecentral;migrationStage=NotStarted}
{"logTime": "0107/065410", "correlationVector":"T5QrhP0ab9NIqPXANdnf5K","action":"Commit Request", "result":"", "context":Item count: 3
Contributing types: Autofill Profiles, History}
{"logTime": "0107/065410", "correlationVector":"T5QrhP0ab9NIqPXANdnf5K.1","action":"SyncServerConnectionManagerRequest", "result":"SYNC_SERVER_OK", "context":{"environment":"Prod_francecentral_prod-s01-062-eur-francecentral", "migrationStage":"NotStarted", "server":"akswtt11000000f"}}
{"logTime": "0107/065410", "correlationVector":"T5QrhP0ab9NIqPXANdnf5K.2","action":"Commit Response", "result":"Success", "context":Result: Success. cV=T5QrhP0ab9NIqPXANdnf5K.0;server=akswtt11000000f;cloudType=Consumer;environment=Prod_francecentral_prod-s01-062-eur-francecentral;migrationStage=NotStarted}
{"logTime": "0107/065501", "correlationVector":"pt6yCr4nJTIl7BNWx5X76I","action":"Commit Request", "result":"", "context":Item count: 4
Contributing types: Autofill Profiles, History}
{"logTime": "0107/065502", "correlationVector":"pt6yCr4nJTIl7BNWx5X76I.1","action":"SyncServerConnectionManagerRequest", "result":"SYNC_SERVER_OK", "context":{"environment":"Prod_francecentral_prod-s01-062-eur-francecentral", "migrationStage":"NotStarted", "server":"akswtt11000000s"}}
{"logTime": "0107/065502", "correlationVector":"pt6yCr4nJTIl7BNWx5X76I.2","action":"Commit Response", "result":"Success", "context":Result: Success. cV=pt6yCr4nJTIl7BNWx5X76I.0;server=akswtt11000000s;cloudType=Consumer;environment=Prod_francecentral_prod-s01-062-eur-francecentral;migrationStage=NotStarted}
{"logTime": "0107/065510", "correlationVector":"9psek2I6ObTk/Tt7VoqnyU","action":"Commit Request", "result":"", "context":Item count: 2
Contributing types: Autofill Profiles, History}
{"logTime": "0107/065511", "correlationVector":"9psek2I6ObTk/Tt7VoqnyU.1","action":"SyncServerConnectionManagerRequest", "result":"SYNC_SERVER_OK", "context":{"environment":"Prod_francecentral_prod-s01-062-eur-francecentral", "migrationStage":"NotStarted", "server":"akswtt11000000w"}}
{"logTime": "0107/065511", "correlationVector":"9psek2I6ObTk/Tt7VoqnyU.2","action":"Commit Response", "result":"Success", "context":Result: Success. cV=9psek2I6ObTk/Tt7VoqnyU.0;server=akswtt11000000w;cloudType=Consumer;environment=Prod_francecentral_prod-s01-062-eur-francecentral;migrationStage=NotStarted}
{"logTime": "0107/065613", "correlationVector":"1bKxM2IOnWIVOdquM/Uhmg","action":"Commit Request", "result":"", "context":Item count: 4
Contributing types: Autofill Profiles, History}
{"logTime": "0107/065613", "correlationVector":"1bKxM2IOnWIVOdquM/Uhmg.1","action":"SyncServerConnectionManagerRequest", "result":"SYNC_SERVER_OK", "context":{"environment":"Prod_francecentral_prod-s01-062-eur-francecentral", "migrationStage":"NotStarted", "server":"akswtt11000000x"}}
{"logTime": "0107/065613", "correlationVector":"1bKxM2IOnWIVOdquM/Uhmg.2","action":"Commit Response", "result":"Success", "context":Result: Success. cV=1bKxM2IOnWIVOdquM/Uhmg.0;server=akswtt11000000x;cloudType=Consumer;environment=Prod_francecentral_prod-s01-062-eur-francecentral;migrationStage=NotStarted}
{"logTime": "0107/065642", "correlationVector":"ADzNg8CNwyUmVbc/ohH/uB","action":"Commit Request", "result":"", "context":Item count: 4
Contributing types: Autofill Profiles, History}
{"logTime": "0107/065642", "correlationVector":"ADzNg8CNwyUmVbc/ohH/uB.1","action":"SyncServerConnectionManagerRequest", "result":"SYNC_SERVER_OK", "context":{"environment":"Prod_francecentral_prod-s01-062-eur-francecentral", "migrationStage":"NotStarted", "server":"akswtt110000000"}}
{"logTime": "0107/065642", "correlationVector":"ADzNg8CNwyUmVbc/ohH/uB.2","action":"Commit Response", "result":"Success", "context":Result: Success. cV=ADzNg8CNwyUmVbc/ohH/uB.0;server=akswtt110000000;cloudType=Consumer;environment=Prod_francecentral_prod-s01-062-eur-francecentral;migrationStage=NotStarted}
{"logTime": "0107/065742", "correlationVector":"cij9PmvFK7TIKC7+7JMcQl","action":"Commit Request", "result":"", "context":Item count: 1
Contributing types: History}
{"logTime": "0107/065743", "correlationVector":"cij9PmvFK7TIKC7+7JMcQl.1","action":"SyncServerConnectionManagerRequest", "result":"SYNC_SERVER_OK", "context":{"environment":"Prod_francecentral_prod-s01-062-eur-francecentral", "migrationStage":"NotStarted", "server":"akswtt110000000"}}
{"logTime": "0107/065743", "correlationVector":"cij9PmvFK7TIKC7+7JMcQl.2","action":"Commit Response", "result":"Success", "context":Result: Success. cV=cij9PmvFK7TIKC7+7JMcQl.0;server=akswtt110000000;cloudType=Consumer;environment=Prod_francecentral_prod-s01-062-eur-francecentral;migrationStage=NotStarted}
{"logTime": "0107/065811", "correlationVector":"nYAj+zl+lqO9cnX4dTxGOX","action":"Commit Request", "result":"", "context":Item count: 4
Contributing types: Autofill Profiles, History}
{"logTime": "0107/065812", "correlationVector":"nYAj+zl+lqO9cnX4dTxGOX.1","action":"SyncServerConnectionManagerRequest", "result":"SYNC_SERVER_OK", "context":{"environment":"Prod_francecentral_prod-s01-062-eur-francecentral", "migrationStage":"NotStarted", "server":"akswtt11000000z"}}
{"logTime": "0107/065812", "correlationVector":"nYAj+zl+lqO9cnX4dTxGOX.2","action":"Commit Response", "result":"Success", "context":Result: Success. cV=nYAj+zl+lqO9cnX4dTxGOX.0;server=akswtt11000000z;cloudType=Consumer;environment=Prod_francecentral_prod-s01-062-eur-francecentral;migrationStage=NotStarted}
{"logTime": "0107/070120", "correlationVector":"G3RdsUqd1pya4OuovqB1N9","action":"Commit Request", "result":"", "context":Item count: 4
Contributing types: Autofill Profiles, History}
{"logTime": "0107/070121", "correlationVector":"G3RdsUqd1pya4OuovqB1N9.1","action":"SyncServerConnectionManagerRequest", "result":"SYNC_SERVER_OK", "context":{"environment":"Prod_francecentral_prod-s01-062-eur-francecentral", "migrationStage":"NotStarted", "server":"akswtt11000000j"}}
{"logTime": "0107/070121", "correlationVector":"G3RdsUqd1pya4OuovqB1N9.2","action":"Commit Response", "result":"Success", "context":Result: Success. cV=G3RdsUqd1pya4OuovqB1N9.0;server=akswtt11000000j;cloudType=Consumer;environment=Prod_francecentral_prod-s01-062-eur-francecentral;migrationStage=NotStarted}
{"logTime": "0107/070200", "correlationVector":"2cCQiz+KDo7NJMPW1LEXm2","action":"Commit Request", "result":"", "context":Item count: 4
Contributing types: Autofill Profiles, History}
{"logTime": "0107/070201", "correlationVector":"2cCQiz+KDo7NJMPW1LEXm2.1","action":"SyncServerConnectionManagerRequest", "result":"SYNC_SERVER_OK", "context":{"environment":"Prod_francecentral_prod-s01-062-eur-francecentral", "migrationStage":"NotStarted", "server":"akswtt11000000s"}}
{"logTime": "0107/070201", "correlationVector":"2cCQiz+KDo7NJMPW1LEXm2.2","action":"Commit Response", "result":"Success", "context":Result: Success. cV=2cCQiz+KDo7NJMPW1LEXm2.0;server=akswtt11000000s;cloudType=Consumer;environment=Prod_francecentral_prod-s01-062-eur-francecentral;migrationStage=NotStarted}
{"logTime": "0107/070301", "correlationVector":"G/UWto1d41ev1BjVHa6p1z","action":"Commit Request", "result":"", "context":Item count: 2
Contributing types: History}
{"logTime": "0107/070302", "correlationVector":"G/UWto1d41ev1BjVHa6p1z.1","action":"SyncServerConnectionManagerRequest", "result":"SYNC_SERVER_OK", "context":{"environment":"Prod_francecentral_prod-s01-062-eur-francecentral", "migrationStage":"NotStarted", "server":"akswtt110000006"}}
{"logTime": "0107/070302", "correlationVector":"G/UWto1d41ev1BjVHa6p1z.2","action":"Commit Response", "result":"Success", "context":Result: Success. cV=G/UWto1d41ev1BjVHa6p1z.0;server=akswtt110000006;cloudType=Consumer;environment=Prod_francecentral_prod-s01-062-eur-francecentral;migrationStage=NotStarted}
{"logTime": "0107/070445", "correlationVector":"6f/ex3AI/sX+ZEH5wS0W2R","action":"Commit Request", "result":"", "context":Item count: 5
Contributing types: Autofill Profiles, History}
{"logTime": "0107/070446", "correlationVector":"6f/ex3AI/sX+ZEH5wS0W2R.1","action":"SyncServerConnectionManagerRequest", "result":"SYNC_SERVER_OK", "context":{"environment":"Prod_francecentral_prod-s01-062-eur-francecentral", "migrationStage":"NotStarted", "server":"akswtt11000000w"}}
{"logTime": "0107/070446", "correlationVector":"6f/ex3AI/sX+ZEH5wS0W2R.2","action":"Commit Response", "result":"Success", "context":Result: Success. cV=6f/ex3AI/sX+ZEH5wS0W2R.0;server=akswtt11000000w;cloudType=Consumer;environment=Prod_francecentral_prod-s01-062-eur-francecentral;migrationStage=NotStarted}
{"logTime": "0107/070546", "correlationVector":"AUXfJEPTz0Oy+wzagbWBBa","action":"Commit Request", "result":"", "context":Item count: 1
Contributing types: History}
{"logTime": "0107/070547", "correlationVector":"AUXfJEPTz0Oy+wzagbWBBa.1","action":"SyncServerConnectionManagerRequest", "result":"SYNC_SERVER_OK", "context":{"environment":"Prod_francecentral_prod-s01-062-eur-francecentral", "migrationStage":"NotStarted", "server":"akswtt11000000g"}}
{"logTime": "0107/070547", "correlationVector":"AUXfJEPTz0Oy+wzagbWBBa.2","action":"Commit Response", "result":"Success", "context":Result: Success. cV=AUXfJEPTz0Oy+wzagbWBBa.0;server=akswtt11000000g;cloudType=Consumer;environment=Prod_francecentral_prod-s01-062-eur-francecentral;migrationStage=NotStarted}
{"logTime": "0107/070756", "correlationVector":"Z/wtcKB7Wh0obMYRXNZmpc","action":"Commit Request", "result":"", "context":Item count: 5
Contributing types: History}
{"logTime": "0107/070757", "correlationVector":"Z/wtcKB7Wh0obMYRXNZmpc.1","action":"SyncServerConnectionManagerRequest", "result":"SYNC_SERVER_OK", "context":{"environment":"Prod_francecentral_prod-s01-062-eur-francecentral", "migrationStage":"NotStarted", "server":"akswtt11000000g"}}
{"logTime": "0107/070757", "correlationVector":"Z/wtcKB7Wh0obMYRXNZmpc.2","action":"Commit Response", "result":"Success", "context":Result: Success. cV=Z/wtcKB7Wh0obMYRXNZmpc.0;server=akswtt11000000g;cloudType=Consumer;environment=Prod_francecentral_prod-s01-062-eur-francecentral;migrationStage=NotStarted}
{"logTime": "0107/071110", "correlationVector":"8fuAvrpf8R3esTya5muWXU","action":"Commit Request", "result":"", "context":Item count: 2
Contributing types: History}
{"logTime": "0107/071112", "correlationVector":"8fuAvrpf8R3esTya5muWXU.1","action":"SyncServerConnectionManagerRequest", "result":"SYNC_SERVER_OK", "context":{"environment":"Prod_francecentral_prod-s01-062-eur-francecentral", "migrationStage":"NotStarted", "server":"akswtt11000000a"}}
{"logTime": "0107/071112", "correlationVector":"8fuAvrpf8R3esTya5muWXU.2","action":"Commit Response", "result":"Success", "context":Result: Success. cV=8fuAvrpf8R3esTya5muWXU.0;server=akswtt11000000a;cloudType=Consumer;environment=Prod_francecentral_prod-s01-062-eur-francecentral;migrationStage=NotStarted}
{"logTime": "0107/083854", "correlationVector":"a6Fx/NRWEJZZBdXeDT7/5U","action":"Commit Request", "result":"", "context":Item count: 4
Contributing types: Autofill Profiles, History}
{"logTime": "0107/083857", "correlationVector":"a6Fx/NRWEJZZBdXeDT7/5U.1","action":"SyncServerConnectionManagerRequest", "result":"SYNC_SERVER_OK", "context":{"environment":"Prod_westeurope_prod-s01-079-eur-westeurope", "migrationStage":"NotStarted", "server":"akswtt11100000e"}}
{"logTime": "0107/083857", "correlationVector":"a6Fx/NRWEJZZBdXeDT7/5U.2","action":"Commit Response", "result":"Success", "context":Result: Success. cV=a6Fx/NRWEJZZBdXeDT7/5U.0;server=akswtt11100000e;cloudType=Consumer;environment=Prod_westeurope_prod-s01-079-eur-westeurope;migrationStage=NotStarted}
