2025-12-21 07:24:37.803: [INFO][Sync] Reset engine, reason: 8
2025-12-21 07:24:37.803: [INFO][Sync] Stopped: Bookmarks
2025-12-21 07:24:37.803: [INFO][Sync] Stopped: Preferences
2025-12-21 07:24:37.803: [INFO][Sync] Stopped: Passwords
2025-12-21 07:24:37.803: [INFO][Sync] Stopped: Autofill Profiles
2025-12-21 07:24:37.803: [INFO][Sync] Stopped: Autofill
2025-12-21 07:24:37.803: [INFO][Sync] Stopped: Extensions
2025-12-21 07:24:37.803: [INFO][Sync] Stopped: Sessions
2025-12-21 07:24:37.803: [INFO][Sync] Stopped: Extension settings
2025-12-21 07:24:37.803: [INFO][Sync] Stopped: History Delete Directives
2025-12-21 07:24:37.803: [INFO][Sync] Stopped: Device Info
2025-12-21 07:24:37.803: [INFO][Sync] Stopped: User Consents
2025-12-21 07:24:37.803: [INFO][Sync] Stopped: Send Tab To Self
2025-12-21 07:24:37.803: [INFO][Sync] Stopped: Web Apps
2025-12-21 07:24:37.803: [INFO][Sync] Stopped: History
2025-12-21 07:24:37.803: [INFO][Sync] Stopped: Saved Tab Group
2025-12-21 07:24:37.803: [INFO][Sync] Stopped: WebAuthn Credentials
2025-12-21 07:24:37.803: [INFO][Sync] Stopped: Collection
2025-12-21 07:24:37.803: [INFO][Sync] Stopped: Edge E Drop
2025-12-21 07:24:37.803: [INFO][Sync] Stopped: Edge Hub App Usage
2025-12-21 07:24:37.803: [INFO][Sync] Stopped: Edge Wallet
2025-12-21 07:24:37.803: [INFO][Sync] SyncState after authenticated was: NotSignedIn
2025-12-21 07:24:38.184: [INFO][Sync] Reset engine, reason: 8
2025-12-21 07:24:38.184: [INFO][Sync] Stopped: Bookmarks
2025-12-21 07:24:38.184: [INFO][Sync] Stopped: Preferences
2025-12-21 07:24:38.184: [INFO][Sync] Stopped: Passwords
2025-12-21 07:24:38.184: [INFO][Sync] Stopped: Autofill Profiles
2025-12-21 07:24:38.184: [INFO][Sync] Stopped: Autofill
2025-12-21 07:24:38.184: [INFO][Sync] Stopped: Extensions
2025-12-21 07:24:38.184: [INFO][Sync] Stopped: Sessions
2025-12-21 07:24:38.184: [INFO][Sync] Stopped: Extension settings
2025-12-21 07:24:38.184: [INFO][Sync] Stopped: History Delete Directives
2025-12-21 07:24:38.184: [INFO][Sync] Stopped: Device Info
2025-12-21 07:24:38.184: [INFO][Sync] Stopped: User Consents
2025-12-21 07:24:38.184: [INFO][Sync] Stopped: Send Tab To Self
2025-12-21 07:24:38.184: [INFO][Sync] Stopped: Web Apps
2025-12-21 07:24:38.184: [INFO][Sync] Stopped: History
2025-12-21 07:24:38.184: [INFO][Sync] Stopped: Saved Tab Group
2025-12-21 07:24:38.184: [INFO][Sync] Stopped: WebAuthn Credentials
2025-12-21 07:24:38.184: [INFO][Sync] Stopped: Collection
2025-12-21 07:24:38.184: [INFO][Sync] Stopped: Edge E Drop
2025-12-21 07:24:38.184: [INFO][Sync] Stopped: Edge Hub App Usage
2025-12-21 07:24:38.184: [INFO][Sync] Stopped: Edge Wallet
2025-12-21 07:24:42.007: [INFO][Sync] Try to start sync engine
2025-12-21 07:24:42.008: [INFO][SyncManagerImpl::NudgeForInitialDownload] Initial download nudge for Encryption Keys
2025-12-21 07:24:42.008: [INFO][SyncEngineBackend::LoadAndConnectNigoriController] Load and connect Nigori controller
2025-12-21 07:24:42.008: [INFO][SyncEngineBackend::DoInitialize] Control Types added: Encryption Keys
2025-12-21 07:24:42.008: [INFO][SyncManagerImpl::ConfigureSyncer] Types to download: Encryption Keys with reason: 3
2025-12-21 07:24:42.008: [INFO][SyncSchedulerImpl::DoConfigurationSyncCycleJob] Configure job was blocked
2025-12-21 07:24:42.176: [INFO][SyncAuthManager::SetLastAuthError] Current auth error: None
2025-12-21 07:24:42.176: [INFO][SyncAuthManager::EdgeLogTokenErrorState] Token error with: None for account type: MSA
2025-12-21 07:24:42.176: [INFO][Sync] Credentials changed for: EdgeSyncScopeNew
2025-12-21 07:24:43.651: [INFO][SyncAuthManager::SetLastAuthError] Current auth error: None
2025-12-21 07:24:43.651: [INFO][SyncAuthManager::EdgeLogTokenErrorState] Token error with: None for account type: MSA
2025-12-21 07:24:43.651: [INFO][Sync] Credentials changed for: EdgeSyncKeyDataScope
2025-12-21 07:24:43.651: [INFO][SyncEngineBackend::DoUpdateKeyDataCredentials] Update key data credentials
2025-12-21 07:24:43.651: [INFO][SyncEngineBackend::DoUpdateCredentials] Update credentials
2025-12-21 07:24:43.651: [INFO][SyncSchedulerImpl::DoConfigurationSyncCycleJob] Blocked types:  and types to download: Encryption Keys
2025-12-21 07:24:44.273: [INFO][Sync] Started DataTypeManager configuration, reason: 4
2025-12-21 07:24:44.274: [INFO][Sync] Configuring for: Bookmarks, Preferences, Passwords, Autofill Profiles, Autofill, Extensions, Sessions, Extension settings, History Delete Directives, Device Info, User Consents, Send Tab To Self, Web Apps, History, Saved Tab Group, WebAuthn Credentials, Collection, Edge E Drop, Edge Hub App Usage, Edge Wallet, Encryption Keys, reason: 3, current state: 0
2025-12-21 07:24:44.274: [WARN][Sync] Crypto error data types: Passwords, Autofill Profiles, Autofill
2025-12-21 07:24:44.276: [INFO][Sync] Configure, desired: Bookmarks, Preferences, Extensions, Sessions, Extension settings, History Delete Directives, Device Info, User Consents, Send Tab To Self, Web Apps, History, Saved Tab Group, WebAuthn Credentials, Collection, Edge E Drop, Edge Hub App Usage, Edge Wallet, Encryption Keys; Allow fail: Passwords, Autofill Profiles, Autofill
2025-12-21 07:24:44.276: [INFO][Sync] Loading: Bookmarks
2025-12-21 07:24:44.276: [INFO][Sync] Loading: Preferences
2025-12-21 07:24:44.276: [INFO][Sync] Loading: Extensions
2025-12-21 07:24:44.276: [INFO][Sync] Loading: Sessions
2025-12-21 07:24:44.276: [INFO][Sync] Loading: Extension settings
2025-12-21 07:24:44.276: [INFO][Sync] Loading: History Delete Directives
2025-12-21 07:24:44.276: [INFO][Sync] Loading: Device Info
2025-12-21 07:24:44.276: [INFO][Sync] Loading: User Consents
2025-12-21 07:24:44.276: [INFO][Sync] Loading: Send Tab To Self
2025-12-21 07:24:44.276: [INFO][Sync] Loading: Web Apps
2025-12-21 07:24:44.276: [INFO][Sync] Loading: History
2025-12-21 07:24:44.276: [INFO][Sync] Loading: Saved Tab Group
2025-12-21 07:24:44.276: [INFO][Sync] Loading: WebAuthn Credentials
2025-12-21 07:24:44.276: [INFO][Sync] Loading: Collection
2025-12-21 07:24:44.276: [INFO][Sync] Loading: Edge E Drop
2025-12-21 07:24:44.276: [INFO][Sync] Loading: Edge Hub App Usage
2025-12-21 07:24:44.276: [INFO][Sync] Loading: Edge Wallet
2025-12-21 07:24:44.703: [INFO][Sync] All data types are ready for configure.
2025-12-21 07:24:45.173: [INFO][SyncEngineBackend::DoStartConfiguration] Start configuration
2025-12-21 07:24:45.173: [INFO][SyncManagerImpl::NudgeForInitialDownload] Initial download nudge for Bookmarks
2025-12-21 07:24:45.173: [INFO][SyncManagerImpl::NudgeForInitialDownload] Initial download nudge for Preferences
2025-12-21 07:24:45.173: [INFO][SyncManagerImpl::NudgeForInitialDownload] Initial download nudge for Extensions
2025-12-21 07:24:45.173: [INFO][SyncManagerImpl::NudgeForInitialDownload] Initial download nudge for Sessions
2025-12-21 07:24:45.173: [INFO][SyncManagerImpl::NudgeForInitialDownload] Initial download nudge for Extension settings
2025-12-21 07:24:45.173: [INFO][SyncManagerImpl::NudgeForInitialDownload] Initial download nudge for History Delete Directives
2025-12-21 07:24:45.173: [INFO][SyncManagerImpl::NudgeForInitialDownload] Initial download nudge for Device Info
2025-12-21 07:24:45.173: [INFO][SyncManagerImpl::NudgeForInitialDownload] Initial download nudge for Send Tab To Self
2025-12-21 07:24:45.173: [INFO][SyncManagerImpl::NudgeForInitialDownload] Initial download nudge for Web Apps
2025-12-21 07:24:45.173: [INFO][SyncManagerImpl::NudgeForInitialDownload] Initial download nudge for History
2025-12-21 07:24:45.173: [INFO][SyncManagerImpl::NudgeForInitialDownload] Initial download nudge for Saved Tab Group
2025-12-21 07:24:45.173: [INFO][SyncManagerImpl::NudgeForInitialDownload] Initial download nudge for WebAuthn Credentials
2025-12-21 07:24:45.173: [INFO][SyncManagerImpl::NudgeForInitialDownload] Initial download nudge for Collection
2025-12-21 07:24:45.173: [INFO][SyncManagerImpl::NudgeForInitialDownload] Initial download nudge for Edge E Drop
2025-12-21 07:24:45.173: [INFO][SyncManagerImpl::NudgeForInitialDownload] Initial download nudge for Edge Hub App Usage
2025-12-21 07:24:45.173: [INFO][SyncManagerImpl::NudgeForInitialDownload] Initial download nudge for Edge Wallet
2025-12-21 07:24:45.173: [INFO][SyncManagerImpl::ConfigureSyncer] Types to download:  with reason: 3
2025-12-21 07:24:45.173: [INFO][SyncEngineBackend::DoFinishConfigureDataTypes] Failed to download types:  and succeeded types: 
2025-12-21 07:24:45.176: [INFO][Sync] Started DataTypeManager configuration, reason: 5
2025-12-21 07:24:45.177: [INFO][Sync] Configuring for: Bookmarks, Preferences, Passwords, Autofill Profiles, Autofill, Extensions, Sessions, Extension settings, History Delete Directives, Device Info, User Consents, Send Tab To Self, Web Apps, History, Saved Tab Group, WebAuthn Credentials, Collection, Edge E Drop, Edge Hub App Usage, Edge Wallet, Encryption Keys, reason: 5, current state: 1
2025-12-21 07:24:45.178: [INFO][Sync] ConfigurationDone, failed: , succeeded: , remaining count: 4
2025-12-21 07:24:45.178: [WARN][Sync]     Reconfigure requested while configuration ongoing.
2025-12-21 07:24:45.178: [INFO][Sync] Configuring for: Bookmarks, Preferences, Passwords, Autofill Profiles, Autofill, Extensions, Sessions, Extension settings, History Delete Directives, Device Info, User Consents, Send Tab To Self, Web Apps, History, Saved Tab Group, WebAuthn Credentials, Collection, Edge E Drop, Edge Hub App Usage, Edge Wallet, Encryption Keys, reason: 5, current state: 2
2025-12-21 07:24:45.178: [INFO][Sync] Configure, desired: Bookmarks, Preferences, Passwords, Autofill Profiles, Autofill, Extensions, Sessions, Extension settings, History Delete Directives, Device Info, User Consents, Send Tab To Self, Web Apps, History, Saved Tab Group, WebAuthn Credentials, Collection, Edge E Drop, Edge Hub App Usage, Edge Wallet, Encryption Keys; Allow fail: 
2025-12-21 07:24:45.178: [INFO][Sync] Loading: Passwords
2025-12-21 07:24:45.178: [INFO][Sync] Loading: Autofill Profiles
2025-12-21 07:24:45.178: [INFO][Sync] Loading: Autofill
2025-12-21 07:24:45.178: [INFO][Sync] All data types are ready for configure.
2025-12-21 07:24:45.178: [INFO][SyncManagerImpl::NudgeForInitialDownload] Initial download nudge for Passwords
2025-12-21 07:24:45.178: [INFO][SyncManagerImpl::NudgeForInitialDownload] Initial download nudge for Autofill Profiles
2025-12-21 07:24:45.178: [INFO][SyncManagerImpl::NudgeForInitialDownload] Initial download nudge for Autofill
2025-12-21 07:24:45.178: [INFO][SyncManagerImpl::ConfigureSyncer] Types to download:  with reason: 5
2025-12-21 07:24:45.178: [INFO][SyncEngineBackend::DoFinishConfigureDataTypes] Failed to download types:  and succeeded types: 
2025-12-21 07:24:45.179: [INFO][Sync] ConfigurationDone, failed: , succeeded: , remaining count: 4
2025-12-21 07:24:45.179: [INFO][Sync] Prepare to configure types: Preferences, Passwords, Device Info, Send Tab To Self, Edge E Drop, Encryption Keys
2025-12-21 07:24:45.179: [INFO][SyncManagerImpl::ConfigureSyncer] Types to download: Preferences, Passwords, Device Info, Send Tab To Self, Edge E Drop, Encryption Keys with reason: 5
2025-12-21 07:24:45.179: [INFO][SyncSchedulerImpl::DoConfigurationSyncCycleJob] Blocked types:  and types to download: Preferences, Passwords, Device Info, Send Tab To Self, Edge E Drop, Encryption Keys
2025-12-21 07:24:45.651: [INFO][SyncEngineBackend::DoFinishConfigureDataTypes] Failed to download types:  and succeeded types: Preferences, Passwords, Device Info, Send Tab To Self, Edge E Drop, Encryption Keys
2025-12-21 07:24:45.654: [INFO][Sync] ConfigurationDone, failed: , succeeded: Preferences, Passwords, Device Info, Send Tab To Self, Edge E Drop, Encryption Keys, remaining count: 3
2025-12-21 07:24:45.654: [INFO][Sync] Prepare to configure types: Bookmarks, Encryption Keys
2025-12-21 07:24:45.654: [INFO][SyncManagerImpl::ConfigureSyncer] Types to download: Bookmarks, Encryption Keys with reason: 5
2025-12-21 07:24:45.654: [INFO][SyncSchedulerImpl::DoConfigurationSyncCycleJob] Blocked types:  and types to download: Bookmarks, Encryption Keys
2025-12-21 07:24:45.927: [INFO][SyncEngineBackend::DoFinishConfigureDataTypes] Failed to download types:  and succeeded types: Bookmarks, Encryption Keys
2025-12-21 07:24:45.934: [INFO][Sync] ConfigurationDone, failed: , succeeded: Bookmarks, Encryption Keys, remaining count: 2
2025-12-21 07:24:45.934: [INFO][Sync] Prepare to configure types: Autofill Profiles, Autofill, Extensions, Sessions, Extension settings, History Delete Directives, Web Apps, Saved Tab Group, WebAuthn Credentials, Collection, Edge Hub App Usage, Edge Wallet, Encryption Keys
2025-12-21 07:24:45.935: [INFO][SyncManagerImpl::ConfigureSyncer] Types to download: Autofill Profiles, Autofill, Extensions, Sessions, Extension settings, History Delete Directives, Web Apps, Saved Tab Group, WebAuthn Credentials, Collection, Edge Hub App Usage, Edge Wallet, Encryption Keys with reason: 5
2025-12-21 07:24:45.935: [INFO][SyncSchedulerImpl::DoConfigurationSyncCycleJob] Blocked types:  and types to download: Autofill Profiles, Autofill, Extensions, Sessions, Extension settings, History Delete Directives, Web Apps, Saved Tab Group, WebAuthn Credentials, Collection, Edge Hub App Usage, Edge Wallet, Encryption Keys
2025-12-21 07:24:47.980: [INFO][SyncEngineBackend::DoFinishConfigureDataTypes] Failed to download types:  and succeeded types: Autofill Profiles, Autofill, Extensions, Sessions, Extension settings, History Delete Directives, Web Apps, Saved Tab Group, WebAuthn Credentials, Collection, Edge Hub App Usage, Edge Wallet, Encryption Keys
2025-12-21 07:24:47.989: [INFO][Sync] ConfigurationDone, failed: , succeeded: Autofill Profiles, Autofill, Extensions, Sessions, Extension settings, History Delete Directives, Web Apps, Saved Tab Group, WebAuthn Credentials, Collection, Edge Hub App Usage, Edge Wallet, Encryption Keys, remaining count: 1
2025-12-21 07:24:47.992: [INFO][Sync] Prepare to configure types: History, Encryption Keys
2025-12-21 07:24:47.992: [INFO][SyncManagerImpl::ConfigureSyncer] Types to download: History, Encryption Keys with reason: 5
2025-12-21 07:24:47.992: [INFO][SyncSchedulerImpl::DoConfigurationSyncCycleJob] Blocked types:  and types to download: History, Encryption Keys
2025-12-21 07:24:51.425: [INFO][SyncEngineBackend::DoFinishConfigureDataTypes] Failed to download types:  and succeeded types: History, Encryption Keys
2025-12-21 07:24:51.435: [INFO][Sync] ConfigurationDone, failed: , succeeded: History, Encryption Keys, remaining count: 0
2025-12-21 07:24:51.440: [INFO][Sync]     Configuration completed, state: 7
2025-12-21 07:24:51.440: [INFO][Sync] Configured DataTypeManager: Ok
2025-12-21 07:24:51.448: [INFO][SyncEngineBackend::DoStartSyncing] Start syncing
2025-12-21 07:26:05.723: [INFO][Sync] Reset engine, reason: 0
2025-12-21 07:26:05.723: [INFO][Sync] Reset engine with reason: 0
2025-12-21 07:45:49.797: [INFO][Sync] SyncState after authenticated was: FeatureCanStart
2025-12-21 07:45:50.450: [INFO][Sync] Try to start sync engine
2025-12-21 07:45:50.452: [INFO][SyncManagerImpl::NudgeForInitialDownload] Initial download nudge for Encryption Keys
2025-12-21 07:45:50.452: [INFO][SyncEngineBackend::LoadAndConnectNigoriController] Load and connect Nigori controller
2025-12-21 07:45:50.452: [INFO][SyncEngineBackend::DoInitialize] Control Types added: Encryption Keys
2025-12-21 07:45:50.452: [INFO][SyncManagerImpl::ConfigureSyncer] Types to download: Encryption Keys with reason: 3
2025-12-21 07:45:50.452: [INFO][SyncSchedulerImpl::DoConfigurationSyncCycleJob] Configure job was blocked
2025-12-21 07:45:50.523: [INFO][SyncAuthManager::SetLastAuthError] Current auth error: None
2025-12-21 07:45:50.523: [INFO][SyncAuthManager::EdgeLogTokenErrorState] Token error with: None for account type: MSA
2025-12-21 07:45:50.523: [INFO][Sync] Credentials changed for: EdgeSyncScopeNew
2025-12-21 07:45:52.792: [INFO][SyncAuthManager::SetLastAuthError] Current auth error: None
2025-12-21 07:45:52.792: [INFO][SyncAuthManager::EdgeLogTokenErrorState] Token error with: None for account type: MSA
2025-12-21 07:45:52.793: [INFO][Sync] Credentials changed for: EdgeSyncKeyDataScope
2025-12-21 07:45:52.793: [INFO][SyncEngineBackend::DoUpdateKeyDataCredentials] Update key data credentials
2025-12-21 07:45:52.793: [INFO][SyncEngineBackend::DoUpdateCredentials] Update credentials
2025-12-21 07:45:52.793: [INFO][SyncSchedulerImpl::DoConfigurationSyncCycleJob] Blocked types:  and types to download: Encryption Keys
2025-12-21 07:45:53.489: [INFO][Sync] Started DataTypeManager configuration, reason: 4
2025-12-21 07:45:53.489: [INFO][Sync] Configuring for: Bookmarks, Preferences, Passwords, Autofill Profiles, Autofill, Extensions, Sessions, Extension settings, History Delete Directives, Device Info, User Consents, Send Tab To Self, Web Apps, History, Saved Tab Group, WebAuthn Credentials, Collection, Edge E Drop, Edge Hub App Usage, Edge Wallet, Encryption Keys, reason: 4, current state: 0
2025-12-21 07:45:53.489: [WARN][Sync] Crypto error data types: Passwords, Autofill Profiles, Autofill
2025-12-21 07:45:53.495: [INFO][Sync] Configure, desired: Bookmarks, Preferences, Extensions, Sessions, Extension settings, History Delete Directives, Device Info, User Consents, Send Tab To Self, Web Apps, History, Saved Tab Group, WebAuthn Credentials, Collection, Edge E Drop, Edge Hub App Usage, Edge Wallet, Encryption Keys; Allow fail: Passwords, Autofill Profiles, Autofill
2025-12-21 07:45:53.495: [INFO][Sync] Loading: Bookmarks
2025-12-21 07:45:53.495: [INFO][Sync] Loading: Preferences
2025-12-21 07:45:53.495: [INFO][Sync] Loading: Extensions
2025-12-21 07:45:53.495: [INFO][Sync] Loading: Sessions
2025-12-21 07:45:53.495: [INFO][Sync] Loading: Extension settings
2025-12-21 07:45:53.495: [INFO][Sync] Loading: History Delete Directives
2025-12-21 07:45:53.495: [INFO][Sync] Loading: Device Info
2025-12-21 07:45:53.495: [INFO][Sync] Loading: User Consents
2025-12-21 07:45:53.495: [INFO][Sync] Loading: Send Tab To Self
2025-12-21 07:45:53.495: [INFO][Sync] Loading: Web Apps
2025-12-21 07:45:53.495: [INFO][Sync] Loading: History
2025-12-21 07:45:53.495: [INFO][Sync] Loading: Saved Tab Group
2025-12-21 07:45:53.495: [INFO][Sync] Loading: WebAuthn Credentials
2025-12-21 07:45:53.495: [INFO][Sync] Loading: Collection
2025-12-21 07:45:53.495: [INFO][Sync] Loading: Edge E Drop
2025-12-21 07:45:53.495: [INFO][Sync] Loading: Edge Hub App Usage
2025-12-21 07:45:53.495: [INFO][Sync] Loading: Edge Wallet
2025-12-21 07:45:53.506: [INFO][Sync] All data types are ready for configure.
2025-12-21 07:45:55.141: [INFO][Sync] Started DataTypeManager configuration, reason: 5
2025-12-21 07:45:55.141: [INFO][Sync] Configuring for: Bookmarks, Preferences, Passwords, Autofill Profiles, Autofill, Extensions, Sessions, Extension settings, History Delete Directives, Device Info, User Consents, Send Tab To Self, Web Apps, History, Saved Tab Group, WebAuthn Credentials, Collection, Edge E Drop, Edge Hub App Usage, Edge Wallet, Encryption Keys, reason: 5, current state: 1
2025-12-21 07:45:55.141: [INFO][SyncEngineBackend::DoStartConfiguration] Start configuration
2025-12-21 07:45:55.141: [INFO][SyncManagerImpl::ConfigureSyncer] Types to download:  with reason: 4
2025-12-21 07:45:55.141: [INFO][SyncEngineBackend::DoFinishConfigureDataTypes] Failed to download types:  and succeeded types: 
2025-12-21 07:45:55.144: [INFO][Sync] ConfigurationDone, failed: , succeeded: , remaining count: 4
2025-12-21 07:45:55.144: [WARN][Sync]     Reconfigure requested while configuration ongoing.
2025-12-21 07:45:55.144: [INFO][Sync] Configuring for: Bookmarks, Preferences, Passwords, Autofill Profiles, Autofill, Extensions, Sessions, Extension settings, History Delete Directives, Device Info, User Consents, Send Tab To Self, Web Apps, History, Saved Tab Group, WebAuthn Credentials, Collection, Edge E Drop, Edge Hub App Usage, Edge Wallet, Encryption Keys, reason: 5, current state: 2
2025-12-21 07:45:55.144: [INFO][Sync] Configure, desired: Bookmarks, Preferences, Passwords, Autofill Profiles, Autofill, Extensions, Sessions, Extension settings, History Delete Directives, Device Info, User Consents, Send Tab To Self, Web Apps, History, Saved Tab Group, WebAuthn Credentials, Collection, Edge E Drop, Edge Hub App Usage, Edge Wallet, Encryption Keys; Allow fail: 
2025-12-21 07:45:55.144: [INFO][Sync] Loading: Passwords
2025-12-21 07:45:55.144: [INFO][Sync] Loading: Autofill Profiles
2025-12-21 07:45:55.144: [INFO][Sync] Loading: Autofill
2025-12-21 07:45:55.144: [INFO][Sync] All data types are ready for configure.
2025-12-21 07:45:55.145: [INFO][SyncManagerImpl::NudgeForInitialDownload] Initial download nudge for Passwords
2025-12-21 07:45:55.145: [INFO][SyncManagerImpl::ConfigureSyncer] Types to download:  with reason: 5
2025-12-21 07:45:55.145: [INFO][SyncEngineBackend::DoFinishConfigureDataTypes] Failed to download types:  and succeeded types: 
2025-12-21 07:45:55.145: [INFO][Sync] ConfigurationDone, failed: , succeeded: , remaining count: 4
2025-12-21 07:45:55.145: [INFO][Sync] Prepare to configure types: Passwords, Encryption Keys
2025-12-21 07:45:55.145: [INFO][SyncManagerImpl::ConfigureSyncer] Types to download: Passwords, Encryption Keys with reason: 5
2025-12-21 07:45:55.145: [INFO][SyncSchedulerImpl::DoConfigurationSyncCycleJob] Blocked types:  and types to download: Passwords, Encryption Keys
2025-12-21 07:45:56.775: [INFO][SyncEngineBackend::DoFinishConfigureDataTypes] Failed to download types:  and succeeded types: Passwords, Encryption Keys
2025-12-21 07:45:56.781: [INFO][Sync] ConfigurationDone, failed: , succeeded: Passwords, Encryption Keys, remaining count: 3
2025-12-21 07:45:56.781: [INFO][SyncManagerImpl::ConfigureSyncer] Types to download:  with reason: 5
2025-12-21 07:45:56.781: [INFO][SyncEngineBackend::DoFinishConfigureDataTypes] Failed to download types:  and succeeded types: 
2025-12-21 07:45:56.781: [INFO][Sync] ConfigurationDone, failed: , succeeded: , remaining count: 2
2025-12-21 07:45:56.781: [INFO][SyncManagerImpl::ConfigureSyncer] Types to download:  with reason: 5
2025-12-21 07:45:56.781: [INFO][SyncEngineBackend::DoFinishConfigureDataTypes] Failed to download types:  and succeeded types: 
2025-12-21 07:45:56.787: [INFO][Sync] ConfigurationDone, failed: , succeeded: , remaining count: 1
2025-12-21 07:45:56.791: [INFO][SyncManagerImpl::ConfigureSyncer] Types to download:  with reason: 5
2025-12-21 07:45:56.792: [INFO][SyncEngineBackend::DoFinishConfigureDataTypes] Failed to download types:  and succeeded types: 
2025-12-21 07:45:56.792: [INFO][Sync] ConfigurationDone, failed: , succeeded: , remaining count: 0
2025-12-21 07:45:56.797: [INFO][Sync]     Configuration completed, state: 7
2025-12-21 07:45:56.797: [INFO][Sync] Configured DataTypeManager: Ok
2025-12-21 07:45:56.803: [INFO][SyncEngineBackend::DoStartSyncing] Start syncing
2025-12-21 07:46:16.630: [INFO][Sync] Reset engine, reason: 0
2025-12-21 07:46:16.630: [INFO][Sync] Reset engine with reason: 0
2025-12-21 07:51:00.601: [INFO][Sync] SyncState after authenticated was: FeatureCanStart
2025-12-21 07:51:01.383: [INFO][Sync] Try to start sync engine
2025-12-21 07:51:01.385: [INFO][SyncManagerImpl::NudgeForInitialDownload] Initial download nudge for Encryption Keys
2025-12-21 07:51:01.385: [INFO][SyncEngineBackend::LoadAndConnectNigoriController] Load and connect Nigori controller
2025-12-21 07:51:01.385: [INFO][SyncEngineBackend::DoInitialize] Control Types added: Encryption Keys
2025-12-21 07:51:01.385: [INFO][SyncManagerImpl::ConfigureSyncer] Types to download: Encryption Keys with reason: 3
2025-12-21 07:51:01.385: [INFO][SyncSchedulerImpl::DoConfigurationSyncCycleJob] Configure job was blocked
2025-12-21 07:51:01.437: [INFO][SyncAuthManager::SetLastAuthError] Current auth error: None
2025-12-21 07:51:01.437: [INFO][SyncAuthManager::EdgeLogTokenErrorState] Token error with: None for account type: MSA
2025-12-21 07:51:01.437: [INFO][Sync] Credentials changed for: EdgeSyncScopeNew
2025-12-21 07:51:11.746: [INFO][SyncAuthManager::SetLastAuthError] Current auth error: None
2025-12-21 07:51:11.746: [INFO][SyncAuthManager::EdgeLogTokenErrorState] Token error with: None for account type: MSA
2025-12-21 07:51:11.746: [INFO][Sync] Credentials changed for: EdgeSyncKeyDataScope
2025-12-21 07:51:11.746: [INFO][SyncEngineBackend::DoUpdateKeyDataCredentials] Update key data credentials
2025-12-21 07:51:11.746: [INFO][SyncEngineBackend::DoUpdateCredentials] Update credentials
2025-12-21 07:51:11.746: [INFO][SyncSchedulerImpl::DoConfigurationSyncCycleJob] Blocked types:  and types to download: Encryption Keys
2025-12-21 07:51:12.430: [INFO][Sync] Started DataTypeManager configuration, reason: 4
2025-12-21 07:51:12.430: [INFO][Sync] Configuring for: Bookmarks, Preferences, Passwords, Autofill Profiles, Autofill, Extensions, Sessions, Extension settings, History Delete Directives, Device Info, User Consents, Send Tab To Self, Web Apps, History, Saved Tab Group, WebAuthn Credentials, Collection, Edge E Drop, Edge Hub App Usage, Edge Wallet, Encryption Keys, reason: 4, current state: 0
2025-12-21 07:51:12.431: [WARN][Sync] Crypto error data types: Passwords, Autofill Profiles, Autofill
2025-12-21 07:51:12.437: [INFO][Sync] Configure, desired: Bookmarks, Preferences, Extensions, Sessions, Extension settings, History Delete Directives, Device Info, User Consents, Send Tab To Self, Web Apps, History, Saved Tab Group, WebAuthn Credentials, Collection, Edge E Drop, Edge Hub App Usage, Edge Wallet, Encryption Keys; Allow fail: Passwords, Autofill Profiles, Autofill
2025-12-21 07:51:12.437: [INFO][Sync] Loading: Bookmarks
2025-12-21 07:51:12.437: [INFO][Sync] Loading: Preferences
2025-12-21 07:51:12.437: [INFO][Sync] Loading: Extensions
2025-12-21 07:51:12.437: [INFO][Sync] Loading: Sessions
2025-12-21 07:51:12.437: [INFO][Sync] Loading: Extension settings
2025-12-21 07:51:12.437: [INFO][Sync] Loading: History Delete Directives
2025-12-21 07:51:12.437: [INFO][Sync] Loading: Device Info
2025-12-21 07:51:12.437: [INFO][Sync] Loading: User Consents
2025-12-21 07:51:12.437: [INFO][Sync] Loading: Send Tab To Self
2025-12-21 07:51:12.437: [INFO][Sync] Loading: Web Apps
2025-12-21 07:51:12.437: [INFO][Sync] Loading: History
2025-12-21 07:51:12.437: [INFO][Sync] Loading: Saved Tab Group
2025-12-21 07:51:12.437: [INFO][Sync] Loading: WebAuthn Credentials
2025-12-21 07:51:12.437: [INFO][Sync] Loading: Collection
2025-12-21 07:51:12.437: [INFO][Sync] Loading: Edge E Drop
2025-12-21 07:51:12.437: [INFO][Sync] Loading: Edge Hub App Usage
2025-12-21 07:51:12.437: [INFO][Sync] Loading: Edge Wallet
2025-12-21 07:51:12.454: [INFO][Sync] All data types are ready for configure.
2025-12-21 07:51:12.906: [INFO][Sync] Started DataTypeManager configuration, reason: 5
2025-12-21 07:51:12.906: [INFO][Sync] Configuring for: Bookmarks, Preferences, Passwords, Autofill Profiles, Autofill, Extensions, Sessions, Extension settings, History Delete Directives, Device Info, User Consents, Send Tab To Self, Web Apps, History, Saved Tab Group, WebAuthn Credentials, Collection, Edge E Drop, Edge Hub App Usage, Edge Wallet, Encryption Keys, reason: 5, current state: 1
2025-12-21 07:51:12.913: [INFO][SyncEngineBackend::DoStartConfiguration] Start configuration
2025-12-21 07:51:12.913: [INFO][SyncManagerImpl::ConfigureSyncer] Types to download:  with reason: 4
2025-12-21 07:51:12.913: [INFO][SyncEngineBackend::DoFinishConfigureDataTypes] Failed to download types:  and succeeded types: 
2025-12-21 07:51:12.919: [INFO][Sync] ConfigurationDone, failed: , succeeded: , remaining count: 4
2025-12-21 07:51:12.919: [WARN][Sync]     Reconfigure requested while configuration ongoing.
2025-12-21 07:51:12.919: [INFO][Sync] Configuring for: Bookmarks, Preferences, Passwords, Autofill Profiles, Autofill, Extensions, Sessions, Extension settings, History Delete Directives, Device Info, User Consents, Send Tab To Self, Web Apps, History, Saved Tab Group, WebAuthn Credentials, Collection, Edge E Drop, Edge Hub App Usage, Edge Wallet, Encryption Keys, reason: 5, current state: 2
2025-12-21 07:51:12.919: [INFO][Sync] Configure, desired: Bookmarks, Preferences, Passwords, Autofill Profiles, Autofill, Extensions, Sessions, Extension settings, History Delete Directives, Device Info, User Consents, Send Tab To Self, Web Apps, History, Saved Tab Group, WebAuthn Credentials, Collection, Edge E Drop, Edge Hub App Usage, Edge Wallet, Encryption Keys; Allow fail: 
2025-12-21 07:51:12.919: [INFO][Sync] Loading: Passwords
2025-12-21 07:51:12.919: [INFO][Sync] Loading: Autofill Profiles
2025-12-21 07:51:12.919: [INFO][Sync] Loading: Autofill
2025-12-21 07:51:12.920: [INFO][Sync] All data types are ready for configure.
2025-12-21 07:51:12.920: [INFO][SyncManagerImpl::NudgeForInitialDownload] Initial download nudge for Passwords
2025-12-21 07:51:12.920: [INFO][SyncManagerImpl::ConfigureSyncer] Types to download:  with reason: 5
2025-12-21 07:51:12.920: [INFO][SyncEngineBackend::DoFinishConfigureDataTypes] Failed to download types:  and succeeded types: 
2025-12-21 07:51:12.920: [INFO][Sync] ConfigurationDone, failed: , succeeded: , remaining count: 4
2025-12-21 07:51:12.920: [INFO][Sync] Prepare to configure types: Passwords, Encryption Keys
2025-12-21 07:51:12.920: [INFO][SyncManagerImpl::ConfigureSyncer] Types to download: Passwords, Encryption Keys with reason: 5
2025-12-21 07:51:12.920: [INFO][SyncSchedulerImpl::DoConfigurationSyncCycleJob] Blocked types:  and types to download: Passwords, Encryption Keys
2025-12-21 07:51:13.434: [INFO][SyncEngineBackend::DoFinishConfigureDataTypes] Failed to download types:  and succeeded types: Passwords, Encryption Keys
2025-12-21 07:51:13.439: [INFO][Sync] ConfigurationDone, failed: , succeeded: Passwords, Encryption Keys, remaining count: 3
2025-12-21 07:51:13.439: [INFO][SyncManagerImpl::ConfigureSyncer] Types to download:  with reason: 5
2025-12-21 07:51:13.440: [INFO][SyncEngineBackend::DoFinishConfigureDataTypes] Failed to download types:  and succeeded types: 
2025-12-21 07:51:13.440: [INFO][Sync] ConfigurationDone, failed: , succeeded: , remaining count: 2
2025-12-21 07:51:13.440: [INFO][SyncManagerImpl::ConfigureSyncer] Types to download:  with reason: 5
2025-12-21 07:51:13.440: [INFO][SyncEngineBackend::DoFinishConfigureDataTypes] Failed to download types:  and succeeded types: 
2025-12-21 07:51:13.440: [INFO][Sync] ConfigurationDone, failed: , succeeded: , remaining count: 1
2025-12-21 07:51:13.452: [INFO][SyncManagerImpl::ConfigureSyncer] Types to download:  with reason: 5
2025-12-21 07:51:13.452: [INFO][SyncEngineBackend::DoFinishConfigureDataTypes] Failed to download types:  and succeeded types: 
2025-12-21 07:51:13.452: [INFO][Sync] ConfigurationDone, failed: , succeeded: , remaining count: 0
2025-12-21 07:51:13.461: [INFO][Sync]     Configuration completed, state: 7
2025-12-21 07:51:13.461: [INFO][Sync] Configured DataTypeManager: Ok
2025-12-21 07:51:13.471: [INFO][SyncEngineBackend::DoStartSyncing] Start syncing
2025-12-21 08:02:56.054: [INFO][Sync] Reset engine, reason: 0
2025-12-21 08:02:56.054: [INFO][Sync] Reset engine with reason: 0
